2025-03-03 23:43:01,009 - network_metrics - INFO - Database initialized successfully
2025-03-03 23:43:01,009 - network_metrics - INFO - Starting metrics collection for protocol: tcp
2025-03-03 23:43:24,780 - network_metrics - INFO - Bandwidth: Download=5.45 Mbps, Upload=5.17 Mbps
2025-03-03 23:43:25,811 - network_metrics - WARNING - Ping to 8.8.8.8 timed out
2025-03-03 23:43:30,888 - network_metrics - WARNING - No successful pings for jitter measurement
2025-03-03 23:43:30,888 - network_metrics - INFO - DNS Lookup Time: 0.00 ms
2025-03-03 23:44:00,937 - network_metrics - WARNING - Traceroute timed out
2025-03-03 23:44:11,122 - network_metrics - INFO - Packets: Sent=10, Received=0, Loss=100.00%
2025-03-03 23:44:11,122 - network_metrics - INFO - Using simulated bandwidth utilization data
2025-03-03 23:44:11,278 - network_metrics - INFO - Test result saved for protocol: tcp
2025-03-03 23:44:11,278 - network_metrics - INFO - Metrics collection completed successfully
2025-03-03 23:44:11,496 - network_metrics - INFO - Network metrics collected successfully
2025-03-03 23:44:11,496 - network_metrics - INFO - Metrics saved to CSV file: network_metrics.csv
2025-03-03 23:50:45,335 - network_metrics - INFO - Database initialized successfully
2025-03-03 23:50:45,335 - network_metrics - INFO - Starting metrics collection for protocol: tcp
2025-03-03 23:50:45,335 - network_api - INFO - Starting Network Metrics API server
2025-03-03 23:50:46,460 - werkzeug - INFO - [31m[1mWARNING: This is a development server. Do not use it in a production deployment. Use a production WSGI server instead.[0m
 * Running on all addresses (0.0.0.0)
 * Running on http://127.0.0.1:5000
 * Running on http://192.168.224.254:5000
2025-03-03 23:50:46,460 - werkzeug - INFO - [33mPress CTRL+C to quit[0m
2025-03-03 23:51:12,743 - network_metrics - INFO - Bandwidth: Download=14.82 Mbps, Upload=3.84 Mbps
2025-03-03 23:51:12,822 - network_metrics - INFO - Latency: 78.29 ms
2025-03-03 23:51:12,978 - network_metrics - INFO - Jitter: 31.24 ms
2025-03-03 23:51:13,009 - network_metrics - INFO - DNS Lookup Time: 31.23 ms
2025-03-03 23:51:43,044 - network_metrics - WARNING - Traceroute timed out
2025-03-03 23:51:43,810 - network_metrics - INFO - Packets: Sent=10, Received=10, Loss=0.00%
2025-03-03 23:51:43,810 - network_metrics - INFO - Using simulated bandwidth utilization data
2025-03-03 23:51:43,919 - network_metrics - INFO - Test result saved for protocol: tcp
2025-03-03 23:51:43,919 - network_metrics - INFO - Metrics collection completed successfully
2025-03-03 23:51:44,075 - network_api - INFO - Metrics stored in database successfully
2025-03-03 23:51:44,075 - network_metrics - INFO - Metrics saved to CSV file: network_metrics.csv
2025-03-03 23:51:44,075 - network_api - INFO - Background metrics collection completed
2025-03-03 23:52:38,610 - werkzeug - INFO - 127.0.0.1 - - [03/Mar/2025 23:52:38] "OPTIONS /api/history?timeframe=24h HTTP/1.1" 200 -
2025-03-03 23:52:38,625 - werkzeug - INFO - 127.0.0.1 - - [03/Mar/2025 23:52:38] "[33mGET /api/history?timeframe=24h HTTP/1.1[0m" 404 -
2025-03-03 23:52:39,965 - werkzeug - INFO - 127.0.0.1 - - [03/Mar/2025 23:52:39] "OPTIONS /api/metrics?protocol=tcp HTTP/1.1" 200 -
2025-03-03 23:52:40,252 - network_api - INFO - API request received: /api/metrics
2025-03-03 23:52:40,252 - network_metrics - INFO - Starting metrics collection for protocol: tcp
2025-03-03 23:53:04,613 - network_metrics - INFO - Bandwidth: Download=8.43 Mbps, Upload=3.33 Mbps
2025-03-03 23:53:04,946 - network_metrics - INFO - Latency: 318.92 ms
2025-03-03 23:53:05,129 - network_metrics - INFO - Jitter: 19.26 ms
2025-03-03 23:53:05,129 - network_metrics - INFO - DNS Lookup Time: 0.00 ms
2025-03-03 23:53:35,298 - network_metrics - WARNING - Traceroute timed out
2025-03-03 23:53:36,197 - network_metrics - INFO - Packets: Sent=10, Received=10, Loss=0.00%
2025-03-03 23:53:36,197 - network_metrics - INFO - Using simulated bandwidth utilization data
2025-03-03 23:53:36,294 - network_metrics - INFO - Test result saved for protocol: tcp
2025-03-03 23:53:36,294 - network_metrics - INFO - Metrics collection completed successfully
2025-03-03 23:53:36,377 - network_metrics - INFO - Network metrics collected successfully
2025-03-03 23:53:36,377 - network_metrics - INFO - Metrics saved to CSV file: network_metrics.csv
2025-03-03 23:53:36,493 - network_api - INFO - Metrics stored in database successfully
2025-03-03 23:53:36,493 - network_metrics - INFO - Sending alert to your_email@gmail.com: High packet loss or latency detected!
2025-03-03 23:53:36,859 - werkzeug - INFO - 127.0.0.1 - - [03/Mar/2025 23:53:36] "OPTIONS /api/history?timeframe=24h HTTP/1.1" 200 -
2025-03-03 23:53:36,912 - network_metrics - INFO - ALERT WOULD BE SENT TO your_email@gmail.com: High packet loss or latency detected!
2025-03-03 23:53:36,912 - werkzeug - INFO - 127.0.0.1 - - [03/Mar/2025 23:53:36] "GET /api/metrics?protocol=tcp HTTP/1.1" 200 -
2025-03-03 23:53:37,176 - werkzeug - INFO - 127.0.0.1 - - [03/Mar/2025 23:53:37] "[33mGET /api/history?timeframe=24h HTTP/1.1[0m" 404 -
2025-03-03 23:56:06,848 - werkzeug - INFO - 127.0.0.1 - - [03/Mar/2025 23:56:06] "OPTIONS /api/history?timeframe=24h HTTP/1.1" 200 -
2025-03-03 23:56:07,096 - werkzeug - INFO - 127.0.0.1 - - [03/Mar/2025 23:56:07] "[33mGET /api/history?timeframe=24h HTTP/1.1[0m" 404 -
2025-03-03 23:56:14,925 - werkzeug - INFO - 127.0.0.1 - - [03/Mar/2025 23:56:14] "OPTIONS /api/metrics?protocol=udp HTTP/1.1" 200 -
2025-03-03 23:56:15,166 - network_api - INFO - API request received: /api/metrics
2025-03-03 23:56:15,166 - network_metrics - INFO - Starting metrics collection for protocol: tcp
2025-03-03 23:56:41,529 - network_metrics - INFO - Bandwidth: Download=10.34 Mbps, Upload=2.52 Mbps
2025-03-03 23:56:41,882 - network_metrics - INFO - Latency: 352.18 ms
2025-03-03 23:56:42,050 - network_metrics - INFO - Jitter: 31.90 ms
2025-03-03 23:56:42,119 - network_metrics - INFO - DNS Lookup Time: 69.66 ms
2025-03-03 23:56:44,090 - network_metrics - INFO - Starting metrics collection for protocol: tcp
2025-03-03 23:57:07,943 - network_metrics - INFO - Bandwidth: Download=9.79 Mbps, Upload=2.82 Mbps
2025-03-03 23:57:08,163 - network_metrics - INFO - Latency: 219.80 ms
2025-03-03 23:57:08,447 - network_metrics - INFO - Jitter: 84.56 ms
2025-03-03 23:57:08,447 - network_metrics - INFO - DNS Lookup Time: 0.00 ms
2025-03-03 23:57:12,178 - network_metrics - WARNING - Traceroute timed out
2025-03-03 23:57:13,131 - network_metrics - INFO - Packets: Sent=10, Received=10, Loss=0.00%
2025-03-03 23:57:13,132 - network_metrics - INFO - Using simulated bandwidth utilization data
2025-03-03 23:57:13,243 - network_metrics - INFO - Test result saved for protocol: tcp
2025-03-03 23:57:13,243 - network_metrics - INFO - Metrics collection completed successfully
2025-03-03 23:57:13,450 - werkzeug - INFO - 127.0.0.1 - - [03/Mar/2025 23:57:13] "OPTIONS /api/history?timeframe=24h HTTP/1.1" 200 -
2025-03-03 23:57:13,506 - network_metrics - INFO - Network metrics collected successfully
2025-03-03 23:57:13,509 - network_metrics - INFO - Metrics saved to CSV file: network_metrics.csv
2025-03-03 23:57:13,592 - network_api - INFO - Metrics stored in database successfully
2025-03-03 23:57:13,592 - network_metrics - INFO - Sending alert to your_email@gmail.com: High packet loss or latency detected!
2025-03-03 23:57:13,610 - network_metrics - INFO - ALERT WOULD BE SENT TO your_email@gmail.com: High packet loss or latency detected!
2025-03-03 23:57:13,611 - werkzeug - INFO - 127.0.0.1 - - [03/Mar/2025 23:57:13] "GET /api/metrics?protocol=udp HTTP/1.1" 200 -
2025-03-03 23:57:13,797 - werkzeug - INFO - 127.0.0.1 - - [03/Mar/2025 23:57:13] "[33mGET /api/history?timeframe=24h HTTP/1.1[0m" 404 -
2025-03-03 23:57:38,595 - network_metrics - WARNING - Traceroute timed out
2025-03-03 23:57:39,377 - network_metrics - INFO - Packets: Sent=10, Received=10, Loss=0.00%
2025-03-03 23:57:39,378 - network_metrics - INFO - Using simulated bandwidth utilization data
2025-03-03 23:57:39,528 - network_metrics - INFO - Test result saved for protocol: tcp
2025-03-03 23:57:39,528 - network_metrics - INFO - Metrics collection completed successfully
2025-03-03 23:57:39,713 - network_api - INFO - Metrics stored in database successfully
2025-03-03 23:57:39,713 - network_metrics - INFO - Metrics saved to CSV file: network_metrics.csv
2025-03-03 23:57:39,713 - network_api - INFO - Background metrics collection completed
2025-03-03 23:57:40,127 - werkzeug - INFO - 127.0.0.1 - - [03/Mar/2025 23:57:40] "OPTIONS /api/history?timeframe=24h HTTP/1.1" 200 -
2025-03-03 23:57:40,458 - werkzeug - INFO - 127.0.0.1 - - [03/Mar/2025 23:57:40] "[33mGET /api/history?timeframe=24h HTTP/1.1[0m" 404 -
2025-03-03 23:58:40,511 - werkzeug - INFO - 127.0.0.1 - - [03/Mar/2025 23:58:40] "OPTIONS /api/history?timeframe=7d HTTP/1.1" 200 -
2025-03-03 23:58:40,844 - werkzeug - INFO - 127.0.0.1 - - [03/Mar/2025 23:58:40] "[33mGET /api/history?timeframe=7d HTTP/1.1[0m" 404 -
2025-03-03 23:58:42,979 - werkzeug - INFO - 127.0.0.1 - - [03/Mar/2025 23:58:42] "OPTIONS /api/history?timeframe=30d HTTP/1.1" 200 -
2025-03-03 23:58:43,304 - werkzeug - INFO - 127.0.0.1 - - [03/Mar/2025 23:58:43] "[33mGET /api/history?timeframe=30d HTTP/1.1[0m" 404 -
2025-03-03 23:58:45,545 - werkzeug - INFO - 127.0.0.1 - - [03/Mar/2025 23:58:45] "OPTIONS /api/history?timeframe=7d HTTP/1.1" 200 -
2025-03-03 23:58:45,872 - werkzeug - INFO - 127.0.0.1 - - [03/Mar/2025 23:58:45] "[33mGET /api/history?timeframe=7d HTTP/1.1[0m" 404 -
2025-03-11 17:46:23,201 - network_metrics - INFO - Database initialized successfully
2025-03-11 17:46:23,217 - network_metrics - INFO - Starting metrics collection for protocol: tcp
2025-03-11 17:46:23,217 - network_api - INFO - Starting Network Metrics API server
2025-03-11 17:46:23,842 - werkzeug - INFO - [31m[1mWARNING: This is a development server. Do not use it in a production deployment. Use a production WSGI server instead.[0m
 * Running on all addresses (0.0.0.0)
 * Running on http://127.0.0.1:5000
 * Running on http://172.20.161.226:5000
2025-03-11 17:46:23,842 - werkzeug - INFO - [33mPress CTRL+C to quit[0m
2025-03-11 17:46:49,229 - werkzeug - INFO - 127.0.0.1 - - [11/Mar/2025 17:46:49] "GET / HTTP/1.1" 200 -
2025-03-11 17:46:49,300 - werkzeug - INFO - 127.0.0.1 - - [11/Mar/2025 17:46:49] "GET /style.css HTTP/1.1" 200 -
2025-03-11 17:46:49,690 - werkzeug - INFO - 127.0.0.1 - - [11/Mar/2025 17:46:49] "GET /scrpt.js HTTP/1.1" 200 -
2025-03-11 17:46:49,948 - werkzeug - INFO - 127.0.0.1 - - [11/Mar/2025 17:46:49] "GET /api/history?timeframe=24h HTTP/1.1" 200 -
2025-03-11 17:46:50,242 - werkzeug - INFO - 127.0.0.1 - - [11/Mar/2025 17:46:50] "GET /favicon.ico HTTP/1.1" 200 -
2025-03-11 17:47:00,616 - network_api - INFO - API request received: /api/metrics
2025-03-11 17:47:00,616 - network_metrics - INFO - Starting metrics collection for protocol: tcp
2025-03-11 17:47:12,981 - network_metrics - INFO - Bandwidth: Download=7.26 Mbps, Upload=6.14 Mbps
2025-03-11 17:47:13,041 - network_metrics - INFO - Latency: 6.33 ms
2025-03-11 17:47:13,079 - network_metrics - INFO - Jitter: 8.87 ms
2025-03-11 17:47:13,083 - network_metrics - INFO - DNS Lookup Time: 3.64 ms
2025-03-11 17:47:32,474 - network_metrics - INFO - Bandwidth: Download=3.27 Mbps, Upload=7.87 Mbps
2025-03-11 17:47:32,474 - network_metrics - INFO - Latency: 0.00 ms
2025-03-11 17:47:32,505 - network_metrics - INFO - Jitter: 15.62 ms
2025-03-11 17:47:32,505 - network_metrics - INFO - DNS Lookup Time: 0.00 ms
2025-03-11 17:47:43,150 - network_metrics - WARNING - Traceroute timed out
2025-03-11 17:47:49,214 - network_metrics - INFO - Packets: Sent=10, Received=4, Loss=60.00%
2025-03-11 17:47:49,214 - network_metrics - INFO - Using simulated bandwidth utilization data
2025-03-11 17:47:49,437 - network_metrics - INFO - Test result saved for protocol: tcp
2025-03-11 17:47:49,437 - network_metrics - INFO - Metrics collection completed successfully
2025-03-11 17:47:49,564 - network_api - INFO - Metrics stored in database successfully
2025-03-11 17:47:49,611 - network_metrics - INFO - Metrics saved to CSV file: network_metrics.csv
2025-03-11 17:47:49,611 - network_api - INFO - Background metrics collection completed
2025-03-11 17:48:02,361 - werkzeug - INFO - 127.0.0.1 - - [11/Mar/2025 17:48:02] "GET /api/history?timeframe=7d HTTP/1.1" 200 -
2025-03-11 17:48:02,534 - network_metrics - WARNING - Traceroute timed out
2025-03-11 17:48:02,630 - network_metrics - INFO - Packets: Sent=10, Received=10, Loss=0.00%
2025-03-11 17:48:02,630 - network_metrics - INFO - Using simulated bandwidth utilization data
2025-03-11 17:48:02,815 - network_metrics - INFO - Test result saved for protocol: tcp
2025-03-11 17:48:02,815 - network_metrics - INFO - Metrics collection completed successfully
2025-03-11 17:48:02,978 - network_metrics - INFO - Network metrics collected successfully
2025-03-11 17:48:02,979 - network_metrics - INFO - Metrics saved to CSV file: network_metrics.csv
2025-03-11 17:48:03,098 - network_api - INFO - Metrics stored in database successfully
2025-03-11 17:48:03,098 - werkzeug - INFO - 127.0.0.1 - - [11/Mar/2025 17:48:03] "GET /api/metrics?protocol=tcp HTTP/1.1" 200 -
2025-03-11 17:48:07,167 - network_api - INFO - API request received: /api/metrics
2025-03-11 17:48:07,167 - network_metrics - INFO - Starting metrics collection for protocol: tcp
2025-03-11 17:48:34,326 - network_metrics - INFO - Bandwidth: Download=7.14 Mbps, Upload=5.27 Mbps
2025-03-11 17:48:34,326 - network_metrics - INFO - Latency: 0.00 ms
2025-03-11 17:48:34,362 - network_metrics - INFO - Jitter: 16.33 ms
2025-03-11 17:48:34,362 - network_metrics - INFO - DNS Lookup Time: 0.00 ms
2025-03-11 17:49:04,392 - network_metrics - WARNING - Traceroute timed out
2025-03-11 17:49:04,460 - network_metrics - INFO - Packets: Sent=10, Received=10, Loss=0.00%
2025-03-11 17:49:04,460 - network_metrics - INFO - Using simulated bandwidth utilization data
2025-03-11 17:49:04,895 - network_metrics - INFO - Test result saved for protocol: tcp
2025-03-11 17:49:04,895 - network_metrics - INFO - Metrics collection completed successfully
2025-03-11 17:49:05,056 - network_metrics - INFO - Network metrics collected successfully
2025-03-11 17:49:05,056 - network_metrics - INFO - Metrics saved to CSV file: network_metrics.csv
2025-03-11 17:49:05,396 - network_api - INFO - Metrics stored in database successfully
2025-03-11 17:49:05,396 - werkzeug - INFO - 127.0.0.1 - - [11/Mar/2025 17:49:05] "GET /api/metrics?protocol=tcp HTTP/1.1" 200 -
2025-03-11 17:51:02,346 - network_metrics - INFO - Database initialized successfully
2025-03-11 17:51:02,346 - network_metrics - INFO - Starting metrics collection for protocol: tcp
2025-03-11 17:51:02,346 - network_api - INFO - Starting Network Metrics API server
2025-03-11 17:51:02,612 - werkzeug - INFO - [31m[1mWARNING: This is a development server. Do not use it in a production deployment. Use a production WSGI server instead.[0m
 * Running on all addresses (0.0.0.0)
 * Running on http://127.0.0.1:5000
 * Running on http://172.20.161.226:5000
2025-03-11 17:51:02,612 - werkzeug - INFO - [33mPress CTRL+C to quit[0m
2025-03-11 17:51:10,776 - werkzeug - INFO - 127.0.0.1 - - [11/Mar/2025 17:51:10] "[36mGET / HTTP/1.1[0m" 304 -
2025-03-11 17:51:10,825 - werkzeug - INFO - 127.0.0.1 - - [11/Mar/2025 17:51:10] "[36mGET /style.css HTTP/1.1[0m" 304 -
2025-03-11 17:51:11,040 - werkzeug - INFO - 127.0.0.1 - - [11/Mar/2025 17:51:11] "[36mGET /scrpt.js HTTP/1.1[0m" 304 -
2025-03-11 17:51:11,367 - werkzeug - INFO - 127.0.0.1 - - [11/Mar/2025 17:51:11] "[36mGET /api/history?timeframe=24h HTTP/1.1[0m" 304 -
2025-03-11 17:51:11,384 - werkzeug - INFO - 127.0.0.1 - - [11/Mar/2025 17:51:11] "[36mGET /favicon.ico HTTP/1.1[0m" 304 -
2025-03-11 17:51:16,816 - network_api - INFO - API request received: /api/metrics
2025-03-11 17:51:16,816 - network_metrics - INFO - Starting metrics collection for protocol: tcp
2025-03-11 17:51:31,032 - network_metrics - INFO - Bandwidth: Download=8.89 Mbps, Upload=4.01 Mbps
2025-03-11 17:51:31,052 - network_metrics - INFO - Latency: 4.92 ms
2025-03-11 17:51:31,088 - network_metrics - INFO - Jitter: 6.46 ms
2025-03-11 17:51:31,269 - network_metrics - INFO - DNS Lookup Time: 9.90 ms
2025-03-11 17:51:43,337 - network_metrics - INFO - Bandwidth: Download=7.83 Mbps, Upload=5.93 Mbps
2025-03-11 17:51:43,348 - network_metrics - INFO - Latency: 10.12 ms
2025-03-11 17:51:43,375 - network_metrics - INFO - Jitter: 2.27 ms
2025-03-11 17:51:43,378 - network_metrics - INFO - DNS Lookup Time: 2.91 ms
2025-03-11 17:52:01,312 - network_metrics - WARNING - Traceroute timed out
2025-03-11 17:52:01,394 - network_metrics - INFO - Packets: Sent=10, Received=10, Loss=0.00%
2025-03-11 17:52:01,394 - network_metrics - INFO - Using simulated bandwidth utilization data
2025-03-11 17:52:01,743 - network_metrics - INFO - Test result saved for protocol: tcp
2025-03-11 17:52:01,743 - network_metrics - INFO - Metrics collection completed successfully
2025-03-11 17:52:01,951 - network_api - INFO - Metrics stored in database successfully
2025-03-11 17:52:01,955 - network_metrics - INFO - Metrics saved to CSV file: network_metrics.csv
2025-03-11 17:52:01,956 - network_api - INFO - Background metrics collection completed
2025-03-11 17:52:13,411 - network_metrics - WARNING - Traceroute timed out
2025-03-11 17:52:13,528 - network_metrics - INFO - Packets: Sent=10, Received=10, Loss=0.00%
2025-03-11 17:52:13,528 - network_metrics - INFO - Using simulated bandwidth utilization data
2025-03-11 17:52:13,840 - network_metrics - INFO - Test result saved for protocol: tcp
2025-03-11 17:52:13,840 - network_metrics - INFO - Metrics collection completed successfully
2025-03-11 17:52:14,247 - network_metrics - INFO - Network metrics collected successfully
2025-03-11 17:52:14,247 - network_metrics - INFO - Metrics saved to CSV file: network_metrics.csv
2025-03-11 17:52:14,547 - network_api - INFO - Metrics stored in database successfully
2025-03-11 17:52:14,551 - werkzeug - INFO - 127.0.0.1 - - [11/Mar/2025 17:52:14] "GET /api/metrics?protocol=tcp HTTP/1.1" 200 -
2025-03-11 17:52:25,333 - network_api - INFO - API request received: /api/metrics
2025-03-11 17:52:25,333 - network_metrics - INFO - Starting metrics collection for protocol: tcp
2025-03-11 17:52:49,374 - network_metrics - INFO - Bandwidth: Download=8.99 Mbps, Upload=5.92 Mbps
2025-03-11 17:52:49,390 - network_metrics - INFO - Latency: 16.74 ms
2025-03-11 17:52:49,410 - network_metrics - INFO - Jitter: 16.56 ms
2025-03-11 17:52:49,410 - network_metrics - INFO - DNS Lookup Time: 0.00 ms
2025-03-11 17:53:19,426 - network_metrics - WARNING - Traceroute timed out
2025-03-11 17:53:19,505 - network_metrics - INFO - Packets: Sent=10, Received=10, Loss=0.00%
2025-03-11 17:53:19,505 - network_metrics - INFO - Using simulated bandwidth utilization data
2025-03-11 17:53:19,656 - network_metrics - INFO - Test result saved for protocol: tcp
2025-03-11 17:53:19,656 - network_metrics - INFO - Metrics collection completed successfully
2025-03-11 17:53:19,855 - network_metrics - INFO - Network metrics collected successfully
2025-03-11 17:53:19,855 - network_metrics - INFO - Metrics saved to CSV file: network_metrics.csv
2025-03-11 17:53:20,054 - network_api - INFO - Metrics stored in database successfully
2025-03-11 17:53:20,055 - werkzeug - INFO - 127.0.0.1 - - [11/Mar/2025 17:53:20] "GET /api/metrics?protocol=udp HTTP/1.1" 200 -
2025-03-11 17:54:58,897 - network_api - INFO - API request received: /api/metrics
2025-03-11 17:54:58,898 - network_metrics - INFO - Starting metrics collection for protocol: tcp
2025-03-11 17:55:57,563 - network_metrics - INFO - Bandwidth: Download=18.18 Mbps, Upload=6.81 Mbps
2025-03-11 17:55:57,617 - network_metrics - INFO - Latency: 53.43 ms
2025-03-11 17:55:57,758 - network_metrics - INFO - Jitter: 28.40 ms
2025-03-11 17:55:57,789 - network_metrics - INFO - DNS Lookup Time: 31.41 ms
2025-03-11 17:56:03,659 - werkzeug - INFO - 127.0.0.1 - - [11/Mar/2025 17:56:03] "[36mGET /api/history?timeframe=7d HTTP/1.1[0m" 304 -
2025-03-11 17:56:27,811 - network_metrics - WARNING - Traceroute timed out
2025-03-11 17:56:28,617 - network_metrics - INFO - Packets: Sent=10, Received=10, Loss=0.00%
2025-03-11 17:56:28,618 - network_metrics - INFO - Using simulated bandwidth utilization data
2025-03-11 17:56:28,897 - network_metrics - INFO - Test result saved for protocol: tcp
2025-03-11 17:56:28,897 - network_metrics - INFO - Metrics collection completed successfully
2025-03-11 17:56:29,114 - network_metrics - INFO - Network metrics collected successfully
2025-03-11 17:56:29,114 - network_metrics - INFO - Metrics saved to CSV file: network_metrics.csv
2025-03-11 17:56:29,514 - network_api - INFO - Metrics stored in database successfully
2025-03-11 17:56:29,516 - werkzeug - INFO - 127.0.0.1 - - [11/Mar/2025 17:56:29] "GET /api/metrics?protocol=udp HTTP/1.1" 200 -
2025-03-11 17:57:01,957 - network_metrics - INFO - Starting metrics collection for protocol: tcp
2025-03-11 18:01:30,641 - network_metrics - INFO - Database initialized successfully
2025-03-11 18:01:30,642 - network_metrics - INFO - Starting metrics collection for protocol: tcp
2025-03-11 18:01:30,642 - network_api - INFO - Starting Network Metrics API server
2025-03-11 18:01:31,526 - network_metrics - ERROR - Bandwidth test failed: HTTP Error 403: Forbidden
2025-03-11 18:01:31,557 - network_metrics - INFO - Latency: 29.49 ms
2025-03-11 18:01:31,705 - network_metrics - INFO - Jitter: 12.54 ms
2025-03-11 18:01:31,756 - network_metrics - INFO - DNS Lookup Time: 49.10 ms
2025-03-11 18:01:31,778 - werkzeug - INFO - [31m[1mWARNING: This is a development server. Do not use it in a production deployment. Use a production WSGI server instead.[0m
 * Running on all addresses (0.0.0.0)
 * Running on http://127.0.0.1:5000
 * Running on http://192.168.208.253:5000
2025-03-11 18:01:31,778 - werkzeug - INFO - [33mPress CTRL+C to quit[0m
2025-03-11 18:01:46,187 - werkzeug - INFO - 127.0.0.1 - - [11/Mar/2025 18:01:46] "GET / HTTP/1.1" 200 -
2025-03-11 18:01:46,697 - werkzeug - INFO - 127.0.0.1 - - [11/Mar/2025 18:01:46] "[36mGET /style.css HTTP/1.1[0m" 304 -
2025-03-11 18:01:46,701 - werkzeug - INFO - 127.0.0.1 - - [11/Mar/2025 18:01:46] "GET /script.js HTTP/1.1" 200 -
2025-03-11 18:01:51,239 - werkzeug - INFO - 127.0.0.1 - - [11/Mar/2025 18:01:51] "GET /api/history?timeframe=24h HTTP/1.1" 200 -
2025-03-11 18:01:51,239 - werkzeug - INFO - 127.0.0.1 - - [11/Mar/2025 18:01:51] "GET /favicon.ico HTTP/1.1" 200 -
2025-03-11 18:02:01,791 - network_metrics - WARNING - Traceroute timed out
2025-03-11 18:02:02,070 - network_metrics - INFO - Packets: Sent=10, Received=10, Loss=0.00%
2025-03-11 18:02:02,071 - network_metrics - INFO - Using simulated bandwidth utilization data
2025-03-11 18:02:02,372 - network_metrics - INFO - Test result saved for protocol: tcp
2025-03-11 18:02:02,372 - network_metrics - INFO - Metrics collection completed successfully
2025-03-11 18:02:02,734 - network_api - INFO - Metrics stored in database successfully
2025-03-11 18:02:02,734 - network_metrics - INFO - Metrics saved to CSV file: network_metrics.csv
2025-03-11 18:02:02,734 - network_api - INFO - Background metrics collection completed
2025-03-11 18:02:04,337 - werkzeug - INFO - 127.0.0.1 - - [11/Mar/2025 18:02:04] "GET /api/history?timeframe=7d HTTP/1.1" 200 -
2025-03-11 18:03:31,459 - werkzeug - INFO - 127.0.0.1 - - [11/Mar/2025 18:03:31] "GET /api/history?timeframe=30d HTTP/1.1" 200 -
2025-03-11 18:03:32,774 - werkzeug - INFO - 127.0.0.1 - - [11/Mar/2025 18:03:32] "[36mGET /api/history?timeframe=24h HTTP/1.1[0m" 304 -
2025-03-11 18:03:35,458 - werkzeug - INFO - 127.0.0.1 - - [11/Mar/2025 18:03:35] "[36mGET /api/history?timeframe=30d HTTP/1.1[0m" 304 -
2025-03-11 18:03:38,093 - werkzeug - INFO - 127.0.0.1 - - [11/Mar/2025 18:03:38] "[36mGET /api/history?timeframe=24h HTTP/1.1[0m" 304 -
2025-03-11 18:04:52,004 - werkzeug - INFO - 127.0.0.1 - - [11/Mar/2025 18:04:52] "[36mGET / HTTP/1.1[0m" 304 -
2025-03-11 18:04:52,078 - werkzeug - INFO - 127.0.0.1 - - [11/Mar/2025 18:04:52] "[36mGET /style.css HTTP/1.1[0m" 304 -
2025-03-11 18:04:52,244 - werkzeug - INFO - 127.0.0.1 - - [11/Mar/2025 18:04:52] "[36mGET /script.js HTTP/1.1[0m" 304 -
2025-03-11 18:04:52,628 - werkzeug - INFO - 127.0.0.1 - - [11/Mar/2025 18:04:52] "[36mGET /api/history?timeframe=24h HTTP/1.1[0m" 304 -
2025-03-11 18:04:52,660 - werkzeug - INFO - 127.0.0.1 - - [11/Mar/2025 18:04:52] "[36mGET /favicon.ico HTTP/1.1[0m" 304 -
2025-03-11 18:04:54,733 - network_api - INFO - API request received: /api/metrics
2025-03-11 18:04:54,735 - network_metrics - INFO - Starting metrics collection for protocol: tcp
2025-03-11 18:05:33,168 - network_metrics - INFO - Bandwidth: Download=17.36 Mbps, Upload=3.08 Mbps
2025-03-11 18:05:33,685 - network_metrics - INFO - Latency: 517.30 ms
2025-03-11 18:05:33,854 - network_metrics - INFO - Jitter: 23.36 ms
2025-03-11 18:05:33,869 - network_metrics - INFO - DNS Lookup Time: 14.42 ms
2025-03-11 18:06:03,902 - network_metrics - WARNING - Traceroute timed out
2025-03-11 18:06:04,699 - network_metrics - INFO - Packets: Sent=10, Received=10, Loss=0.00%
2025-03-11 18:06:04,699 - network_metrics - INFO - Using simulated bandwidth utilization data
2025-03-11 18:06:04,824 - network_metrics - INFO - Test result saved for protocol: tcp
2025-03-11 18:06:04,824 - network_metrics - INFO - Metrics collection completed successfully
2025-03-11 18:06:05,089 - network_metrics - INFO - Network metrics collected successfully
2025-03-11 18:06:05,089 - network_metrics - INFO - Metrics saved to CSV file: network_metrics.csv
2025-03-11 18:06:05,230 - network_api - INFO - Metrics stored in database successfully
2025-03-11 18:06:05,230 - network_metrics - INFO - Sending alert to your_email@gmail.com: High packet loss or latency detected!
2025-03-11 18:06:05,605 - network_metrics - INFO - ALERT WOULD BE SENT TO your_email@gmail.com: High packet loss or latency detected!
2025-03-11 18:06:05,605 - werkzeug - INFO - 127.0.0.1 - - [11/Mar/2025 18:06:05] "GET /api/metrics?protocol=tcp HTTP/1.1" 200 -
2025-03-11 18:07:02,747 - network_metrics - INFO - Starting metrics collection for protocol: tcp
2025-03-11 18:07:30,782 - network_metrics - INFO - Bandwidth: Download=35.59 Mbps, Upload=2.23 Mbps
2025-03-11 18:07:30,906 - network_metrics - INFO - Latency: 124.18 ms
2025-03-11 18:07:31,002 - network_metrics - INFO - Jitter: 10.11 ms
2025-03-11 18:07:31,033 - network_metrics - INFO - DNS Lookup Time: 31.26 ms
2025-03-11 18:08:01,099 - network_metrics - WARNING - Traceroute timed out
2025-03-11 18:08:01,685 - network_metrics - INFO - Packets: Sent=10, Received=10, Loss=0.00%
2025-03-11 18:08:01,686 - network_metrics - INFO - Using simulated bandwidth utilization data
2025-03-11 18:08:01,827 - network_metrics - INFO - Test result saved for protocol: tcp
2025-03-11 18:08:01,827 - network_metrics - INFO - Metrics collection completed successfully
2025-03-11 18:08:01,968 - network_api - INFO - Metrics stored in database successfully
2025-03-11 18:08:01,975 - network_metrics - INFO - Metrics saved to CSV file: network_metrics.csv
2025-03-11 18:08:01,976 - network_api - INFO - Background metrics collection completed
2025-03-11 18:13:01,977 - network_metrics - INFO - Starting metrics collection for protocol: tcp
2025-03-11 18:13:27,840 - network_metrics - INFO - Bandwidth: Download=19.77 Mbps, Upload=3.27 Mbps
2025-03-11 18:13:28,017 - network_metrics - INFO - Latency: 175.30 ms
2025-03-11 18:13:28,366 - network_metrics - INFO - Jitter: 167.95 ms
2025-03-11 18:13:28,390 - network_metrics - INFO - DNS Lookup Time: 21.75 ms
2025-03-11 18:13:58,415 - network_metrics - WARNING - Traceroute timed out
2025-03-11 18:13:59,050 - network_metrics - INFO - Packets: Sent=10, Received=10, Loss=0.00%
2025-03-11 18:13:59,050 - network_metrics - INFO - Using simulated bandwidth utilization data
2025-03-11 18:13:59,128 - network_metrics - INFO - Test result saved for protocol: tcp
2025-03-11 18:13:59,128 - network_metrics - INFO - Metrics collection completed successfully
2025-03-11 18:13:59,245 - network_api - INFO - Metrics stored in database successfully
2025-03-11 18:13:59,249 - network_metrics - INFO - Metrics saved to CSV file: network_metrics.csv
2025-03-11 18:13:59,249 - network_api - INFO - Background metrics collection completed
2025-03-11 18:18:59,250 - network_metrics - INFO - Starting metrics collection for protocol: tcp
2025-03-11 18:19:27,184 - network_metrics - INFO - Bandwidth: Download=28.79 Mbps, Upload=4.52 Mbps
2025-03-11 18:19:27,590 - network_metrics - INFO - Latency: 404.82 ms
2025-03-11 18:19:27,720 - network_metrics - INFO - Jitter: 6.77 ms
2025-03-11 18:19:27,726 - network_metrics - INFO - DNS Lookup Time: 5.65 ms
2025-03-11 18:19:57,752 - network_metrics - WARNING - Traceroute timed out
2025-03-11 18:19:58,022 - network_metrics - INFO - Packets: Sent=10, Received=10, Loss=0.00%
2025-03-11 18:19:58,023 - network_metrics - INFO - Using simulated bandwidth utilization data
2025-03-11 18:19:58,134 - network_metrics - INFO - Test result saved for protocol: tcp
2025-03-11 18:19:58,139 - network_metrics - INFO - Metrics collection completed successfully
2025-03-11 18:19:58,239 - network_api - INFO - Metrics stored in database successfully
2025-03-11 18:19:58,244 - network_metrics - INFO - Metrics saved to CSV file: network_metrics.csv
2025-03-11 18:19:58,245 - network_api - INFO - Background metrics collection completed
2025-03-11 20:10:38,067 - network_metrics - INFO - Database initialized successfully
2025-03-11 20:10:38,069 - network_metrics - INFO - Starting metrics collection for protocol: tcp
2025-03-11 20:10:38,069 - network_api - INFO - Starting Network Metrics API server
2025-03-11 20:10:38,101 - werkzeug - INFO - [31m[1mWARNING: This is a development server. Do not use it in a production deployment. Use a production WSGI server instead.[0m
 * Running on all addresses (0.0.0.0)
 * Running on http://127.0.0.1:5000
 * Running on http://172.20.161.28:5000
2025-03-11 20:10:38,101 - werkzeug - INFO - [33mPress CTRL+C to quit[0m
2025-03-11 20:11:10,027 - network_metrics - INFO - Bandwidth: Download=4.61 Mbps, Upload=8.87 Mbps
2025-03-11 20:11:10,034 - network_metrics - INFO - Latency: 5.67 ms
2025-03-11 20:11:10,069 - network_metrics - INFO - Jitter: 6.26 ms
2025-03-11 20:11:10,074 - network_metrics - INFO - DNS Lookup Time: 3.67 ms
2025-03-11 20:11:17,868 - werkzeug - INFO - 127.0.0.1 - - [11/Mar/2025 20:11:17] "GET / HTTP/1.1" 200 -
2025-03-11 20:11:17,911 - werkzeug - INFO - 127.0.0.1 - - [11/Mar/2025 20:11:17] "GET /style.css HTTP/1.1" 200 -
2025-03-11 20:11:18,051 - werkzeug - INFO - 127.0.0.1 - - [11/Mar/2025 20:11:18] "GET /script.js HTTP/1.1" 200 -
2025-03-11 20:11:18,437 - werkzeug - INFO - 127.0.0.1 - - [11/Mar/2025 20:11:18] "GET /api/history?timeframe=24h HTTP/1.1" 200 -
2025-03-11 20:11:18,449 - werkzeug - INFO - 127.0.0.1 - - [11/Mar/2025 20:11:18] "GET /favicon.ico HTTP/1.1" 200 -
2025-03-11 20:11:27,610 - network_api - INFO - API request received: /api/metrics
2025-03-11 20:11:27,610 - network_metrics - INFO - Starting metrics collection for protocol: tcp
2025-03-11 20:11:40,105 - network_metrics - WARNING - Traceroute timed out
2025-03-11 20:11:40,188 - network_metrics - INFO - Packets: Sent=10, Received=10, Loss=0.00%
2025-03-11 20:11:40,189 - network_metrics - INFO - Using simulated bandwidth utilization data
2025-03-11 20:11:40,198 - network_metrics - INFO - Test result saved for protocol: tcp
2025-03-11 20:11:40,199 - network_metrics - INFO - Metrics collection completed successfully
2025-03-11 20:11:40,207 - network_api - INFO - Metrics stored in database successfully
2025-03-11 20:11:40,209 - network_metrics - INFO - Metrics saved to CSV file: network_metrics.csv
2025-03-11 20:11:40,209 - network_api - INFO - Background metrics collection completed
2025-03-11 20:11:52,512 - network_metrics - INFO - Bandwidth: Download=7.13 Mbps, Upload=8.41 Mbps
2025-03-11 20:11:52,520 - network_metrics - INFO - Latency: 6.66 ms
2025-03-11 20:11:52,553 - network_metrics - INFO - Jitter: 3.88 ms
2025-03-11 20:11:52,554 - network_metrics - INFO - DNS Lookup Time: 0.75 ms
2025-03-11 20:12:22,571 - network_metrics - WARNING - Traceroute timed out
2025-03-11 20:12:22,645 - network_metrics - INFO - Packets: Sent=10, Received=10, Loss=0.00%
2025-03-11 20:12:22,646 - network_metrics - INFO - Using simulated bandwidth utilization data
2025-03-11 20:12:22,659 - network_metrics - INFO - Test result saved for protocol: tcp
2025-03-11 20:12:22,660 - network_metrics - INFO - Metrics collection completed successfully
2025-03-11 20:12:22,663 - network_metrics - INFO - Network metrics collected successfully
2025-03-11 20:12:22,665 - network_metrics - INFO - Metrics saved to CSV file: network_metrics.csv
2025-03-11 20:12:22,670 - network_api - INFO - Metrics stored in database successfully
2025-03-11 20:12:22,671 - werkzeug - INFO - 127.0.0.1 - - [11/Mar/2025 20:12:22] "GET /api/metrics?protocol=udp HTTP/1.1" 200 -
2025-03-11 20:30:08,763 - network_metrics - INFO - Database initialized successfully
2025-03-11 20:30:08,764 - network_metrics - INFO - Starting metrics collection for protocol: tcp
2025-03-11 20:30:08,764 - network_api - INFO - Starting Network Metrics API server
2025-03-11 20:30:08,787 - werkzeug - INFO - [31m[1mWARNING: This is a development server. Do not use it in a production deployment. Use a production WSGI server instead.[0m
 * Running on all addresses (0.0.0.0)
 * Running on http://127.0.0.1:5000
 * Running on http://172.20.161.28:5000
2025-03-11 20:30:08,787 - werkzeug - INFO - [33mPress CTRL+C to quit[0m
2025-03-11 20:30:08,909 - network_metrics - ERROR - Bandwidth test failed: HTTP Error 403: Forbidden
2025-03-11 20:30:08,916 - network_metrics - INFO - Latency: 5.64 ms
2025-03-11 20:30:08,950 - network_metrics - INFO - Jitter: 1.39 ms
2025-03-11 20:30:08,955 - network_metrics - INFO - DNS Lookup Time: 4.36 ms
2025-03-11 20:30:38,976 - network_metrics - WARNING - Traceroute timed out
2025-03-11 20:30:39,050 - network_metrics - INFO - Packets: Sent=10, Received=10, Loss=0.00%
2025-03-11 20:30:39,051 - network_metrics - INFO - Using simulated bandwidth utilization data
2025-03-11 20:30:39,060 - network_metrics - INFO - Test result saved for protocol: tcp
2025-03-11 20:30:39,061 - network_metrics - INFO - Metrics collection completed successfully
2025-03-11 20:30:39,071 - network_api - INFO - Metrics stored in database successfully
2025-03-11 20:30:39,073 - network_metrics - INFO - Metrics saved to CSV file: network_metrics.csv
2025-03-11 20:30:39,074 - network_api - INFO - Background metrics collection completed
2025-03-11 20:30:39,799 - werkzeug - INFO - 127.0.0.1 - - [11/Mar/2025 20:30:39] "[36mGET / HTTP/1.1[0m" 304 -
2025-03-11 20:30:39,847 - werkzeug - INFO - 127.0.0.1 - - [11/Mar/2025 20:30:39] "[36mGET /style.css HTTP/1.1[0m" 304 -
2025-03-11 20:30:39,992 - werkzeug - INFO - 127.0.0.1 - - [11/Mar/2025 20:30:39] "GET /script.js HTTP/1.1" 200 -
2025-03-11 20:30:40,308 - network_api - INFO - API request received: /api/historical/24h
2025-03-11 20:30:40,315 - network_metrics - INFO - Retrieved 15 historical data points for timeframe: 24h
2025-03-11 20:30:40,318 - werkzeug - INFO - 127.0.0.1 - - [11/Mar/2025 20:30:40] "GET /api/historical/24h HTTP/1.1" 200 -
2025-03-11 20:30:40,333 - werkzeug - INFO - 127.0.0.1 - - [11/Mar/2025 20:30:40] "[36mGET /favicon.ico HTTP/1.1[0m" 304 -
2025-03-11 20:30:43,105 - network_api - INFO - API request received: /api/metrics
2025-03-11 20:30:43,106 - network_metrics - INFO - Starting metrics collection for protocol: tcp
2025-03-11 20:30:43,201 - network_metrics - ERROR - Bandwidth test failed: HTTP Error 403: Forbidden
2025-03-11 20:30:43,208 - network_metrics - INFO - Latency: 5.38 ms
2025-03-11 20:30:43,240 - network_metrics - INFO - Jitter: 1.74 ms
2025-03-11 20:30:43,242 - network_metrics - INFO - DNS Lookup Time: 1.10 ms
2025-03-11 20:31:13,254 - network_metrics - WARNING - Traceroute timed out
2025-03-11 20:31:13,321 - network_metrics - INFO - Packets: Sent=10, Received=10, Loss=0.00%
2025-03-11 20:31:13,322 - network_metrics - INFO - Using simulated bandwidth utilization data
2025-03-11 20:31:13,333 - network_metrics - INFO - Test result saved for protocol: tcp
2025-03-11 20:31:13,334 - network_metrics - INFO - Metrics collection completed successfully
2025-03-11 20:31:13,340 - network_metrics - INFO - Network metrics collected successfully
2025-03-11 20:31:13,343 - network_metrics - INFO - Metrics saved to CSV file: network_metrics.csv
2025-03-11 20:31:13,350 - network_api - INFO - Metrics stored in database successfully
2025-03-11 20:31:13,351 - werkzeug - INFO - 127.0.0.1 - - [11/Mar/2025 20:31:13] "GET /api/metrics HTTP/1.1" 200 -
2025-03-11 20:31:13,660 - network_api - INFO - API request received: /api/protocol_test/tcp
2025-03-11 20:31:13,660 - network_metrics - INFO - Testing protocol performance: tcp
2025-03-11 20:31:13,661 - network_metrics - INFO - Starting metrics collection for protocol: tcp
2025-03-11 20:31:13,694 - network_metrics - ERROR - Bandwidth test failed: HTTP Error 403: Forbidden
2025-03-11 20:31:13,700 - network_metrics - INFO - Latency: 5.16 ms
2025-03-11 20:31:13,731 - network_metrics - INFO - Jitter: 1.06 ms
2025-03-11 20:31:13,732 - network_metrics - INFO - DNS Lookup Time: 0.56 ms
2025-03-11 20:31:43,753 - network_metrics - WARNING - Traceroute timed out
2025-03-11 20:31:43,834 - network_metrics - INFO - Packets: Sent=10, Received=10, Loss=0.00%
2025-03-11 20:31:43,835 - network_metrics - INFO - Using simulated bandwidth utilization data
2025-03-11 20:31:43,848 - network_metrics - INFO - Test result saved for protocol: tcp
2025-03-11 20:31:43,849 - network_metrics - INFO - Metrics collection completed successfully
2025-03-11 20:31:43,850 - werkzeug - INFO - 127.0.0.1 - - [11/Mar/2025 20:31:43] "GET /api/protocol_test/tcp HTTP/1.1" 200 -
2025-03-11 20:32:20,402 - network_api - INFO - API request received: /api/metrics
2025-03-11 20:32:20,403 - network_metrics - INFO - Starting metrics collection for protocol: tcp
2025-03-11 20:32:20,452 - network_metrics - ERROR - Bandwidth test failed: HTTP Error 403: Forbidden
2025-03-11 20:32:20,458 - network_metrics - INFO - Latency: 5.08 ms
2025-03-11 20:32:20,491 - network_metrics - INFO - Jitter: 0.87 ms
2025-03-11 20:32:20,492 - network_metrics - INFO - DNS Lookup Time: 0.59 ms
2025-03-11 20:32:50,509 - network_metrics - WARNING - Traceroute timed out
2025-03-11 20:32:50,583 - network_metrics - INFO - Packets: Sent=10, Received=10, Loss=0.00%
2025-03-11 20:32:50,584 - network_metrics - INFO - Using simulated bandwidth utilization data
2025-03-11 20:32:50,598 - network_metrics - INFO - Test result saved for protocol: tcp
2025-03-11 20:32:50,598 - network_metrics - INFO - Metrics collection completed successfully
2025-03-11 20:32:50,607 - network_metrics - INFO - Network metrics collected successfully
2025-03-11 20:32:50,609 - network_metrics - INFO - Metrics saved to CSV file: network_metrics.csv
2025-03-11 20:32:50,617 - network_api - INFO - Metrics stored in database successfully
2025-03-11 20:32:50,618 - werkzeug - INFO - 127.0.0.1 - - [11/Mar/2025 20:32:50] "GET /api/metrics HTTP/1.1" 200 -
2025-03-11 20:32:50,624 - network_api - INFO - API request received: /api/protocol_test/udp
2025-03-11 20:32:50,624 - network_metrics - INFO - Testing protocol performance: udp
2025-03-11 20:32:50,624 - network_metrics - INFO - Starting metrics collection for protocol: udp
2025-03-11 20:32:50,653 - network_metrics - ERROR - Bandwidth test failed: HTTP Error 403: Forbidden
2025-03-11 20:32:50,659 - network_metrics - INFO - Latency: 5.16 ms
2025-03-11 20:32:50,692 - network_metrics - INFO - Jitter: 5.50 ms
2025-03-11 20:32:50,693 - network_metrics - INFO - DNS Lookup Time: 0.49 ms
2025-03-11 20:33:20,709 - network_metrics - WARNING - Traceroute timed out
2025-03-11 20:33:20,780 - network_metrics - INFO - Packets: Sent=10, Received=10, Loss=0.00%
2025-03-11 20:33:20,781 - network_metrics - INFO - Using simulated bandwidth utilization data
2025-03-11 20:33:20,795 - network_metrics - INFO - Test result saved for protocol: udp
2025-03-11 20:33:20,795 - network_metrics - INFO - Metrics collection completed successfully
2025-03-11 20:33:20,796 - werkzeug - INFO - 127.0.0.1 - - [11/Mar/2025 20:33:20] "GET /api/protocol_test/udp HTTP/1.1" 200 -
2025-03-11 20:37:37,041 - network_metrics - INFO - Database initialized successfully
2025-03-11 20:37:37,043 - network_metrics - INFO - Starting metrics collection for protocol: tcp
2025-03-11 20:37:37,043 - network_api - INFO - Starting Network Metrics API server
2025-03-11 20:37:37,069 - werkzeug - INFO - [31m[1mWARNING: This is a development server. Do not use it in a production deployment. Use a production WSGI server instead.[0m
 * Running on all addresses (0.0.0.0)
 * Running on http://127.0.0.1:5000
 * Running on http://192.168.60.151:5000
2025-03-11 20:37:37,069 - werkzeug - INFO - [33mPress CTRL+C to quit[0m
2025-03-11 20:38:03,943 - werkzeug - INFO - 127.0.0.1 - - [11/Mar/2025 20:38:03] "[36mGET / HTTP/1.1[0m" 304 -
2025-03-11 20:38:04,042 - werkzeug - INFO - 127.0.0.1 - - [11/Mar/2025 20:38:04] "[36mGET /style.css HTTP/1.1[0m" 304 -
2025-03-11 20:38:04,272 - werkzeug - INFO - 127.0.0.1 - - [11/Mar/2025 20:38:04] "[36mGET /script.js HTTP/1.1[0m" 304 -
2025-03-11 20:38:04,284 - network_api - INFO - API request received: /api/historical/24h
2025-03-11 20:38:04,287 - network_metrics - INFO - Retrieved 19 historical data points for timeframe: 24h
2025-03-11 20:38:04,289 - werkzeug - INFO - 127.0.0.1 - - [11/Mar/2025 20:38:04] "GET /api/historical/24h HTTP/1.1" 200 -
2025-03-11 20:38:05,130 - werkzeug - INFO - 127.0.0.1 - - [11/Mar/2025 20:38:05] "[36mGET /favicon.ico HTTP/1.1[0m" 304 -
2025-03-11 20:38:07,394 - network_api - INFO - API request received: /api/metrics
2025-03-11 20:38:07,394 - network_metrics - INFO - Starting metrics collection for protocol: tcp
2025-03-11 20:38:56,512 - network_metrics - INFO - Bandwidth: Download=3.95 Mbps, Upload=0.31 Mbps
2025-03-11 20:38:57,518 - network_metrics - WARNING - Ping to 8.8.8.8 timed out
2025-03-11 20:39:02,556 - network_metrics - WARNING - No successful pings for jitter measurement
2025-03-11 20:39:04,822 - network_metrics - INFO - DNS Lookup Time: 2265.12 ms
2025-03-11 20:39:15,221 - network_api - INFO - API request received: /api/historical/7d
2025-03-11 20:39:15,223 - network_metrics - INFO - Retrieved 19 historical data points for timeframe: 7d
2025-03-11 20:39:15,225 - werkzeug - INFO - 127.0.0.1 - - [11/Mar/2025 20:39:15] "GET /api/historical/7d HTTP/1.1" 200 -
2025-03-11 20:39:19,336 - network_api - INFO - API request received: /api/historical/30d
2025-03-11 20:39:19,339 - network_metrics - INFO - Retrieved 24 historical data points for timeframe: 30d
2025-03-11 20:39:19,340 - werkzeug - INFO - 127.0.0.1 - - [11/Mar/2025 20:39:19] "GET /api/historical/30d HTTP/1.1" 200 -
2025-03-11 20:39:27,887 - network_api - INFO - API request received: /api/historical/24h
2025-03-11 20:39:27,890 - network_metrics - INFO - Retrieved 19 historical data points for timeframe: 24h
2025-03-11 20:39:27,891 - werkzeug - INFO - 127.0.0.1 - - [11/Mar/2025 20:39:27] "GET /api/historical/24h HTTP/1.1" 200 -
2025-03-11 20:39:34,832 - network_metrics - WARNING - Traceroute timed out
2025-03-11 20:39:43,460 - network_metrics - INFO - Bandwidth: Download=7.70 Mbps, Upload=0.42 Mbps
2025-03-11 20:39:44,462 - network_metrics - WARNING - Ping to 8.8.8.8 timed out
2025-03-11 20:39:44,761 - network_metrics - INFO - Packets: Sent=10, Received=1, Loss=90.00%
2025-03-11 20:39:44,762 - network_metrics - INFO - Using simulated bandwidth utilization data
2025-03-11 20:39:44,781 - network_metrics - INFO - Test result saved for protocol: tcp
2025-03-11 20:39:44,782 - network_metrics - INFO - Metrics collection completed successfully
2025-03-11 20:39:44,799 - network_api - INFO - Metrics stored in database successfully
2025-03-11 20:39:44,802 - network_metrics - INFO - Metrics saved to CSV file: network_metrics.csv
2025-03-11 20:39:44,802 - network_api - INFO - Background metrics collection completed
2025-03-11 20:39:49,494 - network_metrics - WARNING - No successful pings for jitter measurement
2025-03-11 20:39:49,495 - network_metrics - INFO - DNS Lookup Time: 0.69 ms
2025-03-11 20:40:19,507 - network_metrics - WARNING - Traceroute timed out
2025-03-11 20:40:29,576 - network_metrics - INFO - Packets: Sent=10, Received=0, Loss=100.00%
2025-03-11 20:40:29,576 - network_metrics - INFO - Using simulated bandwidth utilization data
2025-03-11 20:40:29,600 - network_metrics - INFO - Test result saved for protocol: tcp
2025-03-11 20:40:29,600 - network_metrics - INFO - Metrics collection completed successfully
2025-03-11 20:40:29,642 - network_metrics - INFO - Network metrics collected successfully
2025-03-11 20:40:29,643 - network_metrics - INFO - Metrics saved to CSV file: network_metrics.csv
2025-03-11 20:40:29,647 - network_api - INFO - Metrics stored in database successfully
2025-03-11 20:40:29,647 - network_metrics - INFO - Sending alert to your_email@gmail.com: High packet loss or latency detected!
2025-03-11 20:40:29,661 - network_metrics - INFO - ALERT WOULD BE SENT TO your_email@gmail.com: High packet loss or latency detected!
2025-03-11 20:40:29,662 - werkzeug - INFO - 127.0.0.1 - - [11/Mar/2025 20:40:29] "GET /api/metrics HTTP/1.1" 200 -
2025-03-11 20:40:29,967 - network_api - INFO - API request received: /api/protocol_test/tcp
2025-03-11 20:40:29,967 - network_metrics - INFO - Testing protocol performance: tcp
2025-03-11 20:40:29,967 - network_metrics - INFO - Starting metrics collection for protocol: tcp
2025-03-11 20:40:49,982 - network_metrics - ERROR - Bandwidth test failed: <urlopen error timed out>
2025-03-11 20:40:50,987 - network_metrics - WARNING - Ping to 8.8.8.8 timed out
2025-03-11 20:40:56,030 - network_metrics - WARNING - No successful pings for jitter measurement
2025-03-11 20:40:56,032 - network_metrics - INFO - DNS Lookup Time: 1.10 ms
2025-03-11 20:41:26,047 - network_metrics - WARNING - Traceroute timed out
2025-03-11 20:41:32,986 - network_metrics - INFO - Packets: Sent=10, Received=7, Loss=30.00%
2025-03-11 20:41:32,987 - network_metrics - INFO - Using simulated bandwidth utilization data
2025-03-11 20:41:33,000 - network_metrics - INFO - Test result saved for protocol: tcp
2025-03-11 20:41:33,000 - network_metrics - INFO - Metrics collection completed successfully
2025-03-11 20:41:33,000 - werkzeug - INFO - 127.0.0.1 - - [11/Mar/2025 20:41:33] "GET /api/protocol_test/tcp HTTP/1.1" 200 -
2025-03-11 20:41:50,591 - network_api - INFO - API request received: /api/metrics
2025-03-11 20:41:50,591 - network_metrics - INFO - Starting metrics collection for protocol: tcp
2025-03-11 20:42:05,595 - network_metrics - ERROR - Bandwidth test failed: timed out
2025-03-11 20:42:06,600 - network_metrics - WARNING - Ping to 8.8.8.8 timed out
2025-03-11 20:42:11,624 - network_metrics - WARNING - No successful pings for jitter measurement
2025-03-11 20:42:11,633 - network_metrics - INFO - DNS Lookup Time: 8.39 ms
2025-03-11 20:42:41,644 - network_metrics - WARNING - Traceroute timed out
2025-03-11 20:42:42,192 - network_metrics - INFO - Packets: Sent=10, Received=10, Loss=0.00%
2025-03-11 20:42:42,192 - network_metrics - INFO - Using simulated bandwidth utilization data
2025-03-11 20:42:42,206 - network_metrics - INFO - Test result saved for protocol: tcp
2025-03-11 20:42:42,207 - network_metrics - INFO - Metrics collection completed successfully
2025-03-11 20:42:42,218 - network_metrics - INFO - Network metrics collected successfully
2025-03-11 20:42:42,221 - network_metrics - INFO - Metrics saved to CSV file: network_metrics.csv
2025-03-11 20:42:42,231 - network_api - INFO - Metrics stored in database successfully
2025-03-11 20:42:42,233 - werkzeug - INFO - 127.0.0.1 - - [11/Mar/2025 20:42:42] "GET /api/metrics HTTP/1.1" 200 -
2025-03-11 20:42:42,241 - network_api - INFO - API request received: /api/protocol_test/udp
2025-03-11 20:42:42,241 - network_metrics - INFO - Testing protocol performance: udp
2025-03-11 20:42:42,242 - network_metrics - INFO - Starting metrics collection for protocol: udp
2025-03-11 20:43:23,094 - network_api - INFO - API request received: /api/historical/7d
2025-03-11 20:43:23,099 - network_metrics - INFO - Retrieved 23 historical data points for timeframe: 7d
2025-03-11 20:43:23,101 - werkzeug - INFO - 127.0.0.1 - - [11/Mar/2025 20:43:23] "GET /api/historical/7d HTTP/1.1" 200 -
2025-03-11 20:43:42,851 - network_metrics - INFO - Bandwidth: Download=7.60 Mbps, Upload=0.61 Mbps
2025-03-11 20:43:43,852 - network_metrics - WARNING - Ping to 8.8.8.8 timed out
2025-03-11 20:43:46,071 - network_metrics - INFO - Jitter: 1590.92 ms
2025-03-11 20:43:46,081 - network_metrics - INFO - DNS Lookup Time: 9.26 ms
2025-03-11 20:44:16,097 - network_metrics - WARNING - Traceroute timed out
2025-03-11 20:44:16,657 - network_metrics - INFO - Packets: Sent=10, Received=10, Loss=0.00%
2025-03-11 20:44:16,657 - network_metrics - INFO - Using simulated bandwidth utilization data
2025-03-11 20:44:16,673 - network_metrics - INFO - Test result saved for protocol: udp
2025-03-11 20:44:16,673 - network_metrics - INFO - Metrics collection completed successfully
2025-03-11 20:44:16,674 - werkzeug - INFO - 127.0.0.1 - - [11/Mar/2025 20:44:16] "GET /api/protocol_test/udp HTTP/1.1" 200 -
2025-03-11 20:44:44,817 - network_metrics - INFO - Starting metrics collection for protocol: tcp
2025-03-11 20:44:58,674 - network_api - INFO - API request received: /api/metrics
2025-03-11 20:44:58,675 - network_metrics - INFO - Starting metrics collection for protocol: tcp
2025-03-11 20:45:20,856 - network_metrics - INFO - Bandwidth: Download=7.96 Mbps, Upload=0.32 Mbps
2025-03-11 20:45:21,862 - network_metrics - WARNING - Ping to 8.8.8.8 timed out
2025-03-11 20:45:26,893 - network_metrics - WARNING - No successful pings for jitter measurement
2025-03-11 20:45:26,894 - network_metrics - INFO - DNS Lookup Time: 0.52 ms
2025-03-11 20:45:56,905 - network_metrics - WARNING - Traceroute timed out
2025-03-11 20:45:59,021 - network_metrics - INFO - Packets: Sent=10, Received=9, Loss=10.00%
2025-03-11 20:45:59,021 - network_metrics - INFO - Using simulated bandwidth utilization data
2025-03-11 20:45:59,036 - network_metrics - INFO - Test result saved for protocol: tcp
2025-03-11 20:45:59,036 - network_metrics - INFO - Metrics collection completed successfully
2025-03-11 20:45:59,041 - network_api - INFO - Metrics stored in database successfully
2025-03-11 20:45:59,042 - network_metrics - INFO - Metrics saved to CSV file: network_metrics.csv
2025-03-11 20:45:59,043 - network_api - INFO - Background metrics collection completed
2025-03-11 20:46:21,901 - network_metrics - INFO - Bandwidth: Download=2.46 Mbps, Upload=0.33 Mbps
2025-03-11 20:46:22,903 - network_metrics - WARNING - Ping to 8.8.8.8 timed out
2025-03-11 20:46:26,454 - network_metrics - INFO - Jitter: 502.41 ms
2025-03-11 20:46:26,461 - network_metrics - INFO - DNS Lookup Time: 6.03 ms
2025-03-11 20:46:56,474 - network_metrics - WARNING - Traceroute timed out
2025-03-11 20:46:58,036 - network_metrics - INFO - Packets: Sent=10, Received=9, Loss=10.00%
2025-03-11 20:46:58,037 - network_metrics - INFO - Using simulated bandwidth utilization data
2025-03-11 20:46:58,052 - network_metrics - INFO - Test result saved for protocol: tcp
2025-03-11 20:46:58,053 - network_metrics - INFO - Metrics collection completed successfully
2025-03-11 20:46:58,071 - network_metrics - INFO - Network metrics collected successfully
2025-03-11 20:46:58,073 - network_metrics - INFO - Metrics saved to CSV file: network_metrics.csv
2025-03-11 20:46:58,079 - network_api - INFO - Metrics stored in database successfully
2025-03-11 20:46:58,080 - werkzeug - INFO - 127.0.0.1 - - [11/Mar/2025 20:46:58] "GET /api/metrics HTTP/1.1" 200 -
2025-03-11 20:46:58,401 - network_api - INFO - API request received: /api/protocol_test/tcp
2025-03-11 20:46:58,401 - network_metrics - INFO - Testing protocol performance: tcp
2025-03-11 20:46:58,404 - network_metrics - INFO - Starting metrics collection for protocol: tcp
2025-03-11 20:47:32,721 - network_metrics - INFO - Bandwidth: Download=6.00 Mbps, Upload=0.41 Mbps
2025-03-11 20:47:33,722 - network_metrics - WARNING - Ping to 8.8.8.8 timed out
2025-03-11 20:47:38,773 - network_metrics - WARNING - No successful pings for jitter measurement
2025-03-11 20:47:42,135 - network_metrics - INFO - DNS Lookup Time: 3360.93 ms
2025-03-11 20:48:12,151 - network_metrics - WARNING - Traceroute timed out
2025-03-11 20:48:12,740 - network_metrics - INFO - Packets: Sent=10, Received=10, Loss=0.00%
2025-03-11 20:48:12,741 - network_metrics - INFO - Using simulated bandwidth utilization data
2025-03-11 20:48:12,752 - network_metrics - INFO - Test result saved for protocol: tcp
2025-03-11 20:48:12,753 - network_metrics - INFO - Metrics collection completed successfully
2025-03-11 20:48:12,754 - werkzeug - INFO - 127.0.0.1 - - [11/Mar/2025 20:48:12] "GET /api/protocol_test/tcp HTTP/1.1" 200 -
2025-03-11 20:50:59,043 - network_metrics - INFO - Starting metrics collection for protocol: tcp
2025-03-11 20:51:10,434 - network_metrics - ERROR - Bandwidth test failed: <urlopen error [Errno 11001] getaddrinfo failed>
2025-03-11 20:51:11,440 - network_metrics - WARNING - Ping to 8.8.8.8 timed out
2025-03-11 20:51:16,478 - network_metrics - WARNING - No successful pings for jitter measurement
2025-03-11 20:51:16,480 - network_metrics - ERROR - DNS lookup failed: [Errno 11001] getaddrinfo failed
2025-03-11 20:51:25,528 - network_metrics - INFO - Traceroute hops: 5
2025-03-11 20:51:25,586 - network_metrics - INFO - Packets: Sent=10, Received=10, Loss=0.00%
2025-03-11 20:51:25,587 - network_metrics - INFO - Using simulated bandwidth utilization data
2025-03-11 20:51:25,710 - network_metrics - INFO - Test result saved for protocol: tcp
2025-03-11 20:51:25,716 - network_metrics - INFO - Metrics collection completed successfully
2025-03-11 20:51:25,726 - network_api - INFO - Metrics stored in database successfully
2025-03-11 20:51:25,727 - network_metrics - INFO - Metrics saved to CSV file: network_metrics.csv
2025-03-11 20:51:25,727 - network_api - INFO - Background metrics collection completed
2025-03-11 21:23:41,859 - network_metrics - INFO - Database initialized successfully
2025-03-11 21:23:41,859 - network_metrics - INFO - Starting metrics collection for protocol: tcp
2025-03-11 21:23:41,859 - network_api - INFO - Starting Network Metrics API server
2025-03-11 21:23:43,062 - werkzeug - INFO - [31m[1mWARNING: This is a development server. Do not use it in a production deployment. Use a production WSGI server instead.[0m
 * Running on all addresses (0.0.0.0)
 * Running on http://127.0.0.1:5000
 * Running on http://192.168.208.253:5000
2025-03-11 21:23:43,062 - werkzeug - INFO - [33mPress CTRL+C to quit[0m
2025-03-11 21:24:07,797 - network_metrics - INFO - Bandwidth: Download=5.99 Mbps, Upload=4.16 Mbps
2025-03-11 21:24:08,203 - network_metrics - INFO - Latency: 93.61 ms
2025-03-11 21:24:08,469 - network_metrics - INFO - Jitter: 15.70 ms
2025-03-11 21:24:08,516 - network_metrics - INFO - DNS Lookup Time: 46.86 ms
2025-03-11 21:24:31,525 - werkzeug - INFO - 127.0.0.1 - - [11/Mar/2025 21:24:31] "GET / HTTP/1.1" 200 -
2025-03-11 21:24:31,565 - werkzeug - INFO - 127.0.0.1 - - [11/Mar/2025 21:24:31] "GET /style.css HTTP/1.1" 200 -
2025-03-11 21:24:31,660 - werkzeug - INFO - 127.0.0.1 - - [11/Mar/2025 21:24:31] "GET /script.js HTTP/1.1" 200 -
2025-03-11 21:24:34,833 - network_api - INFO - API request received: /api/historical/24h
2025-03-11 21:24:34,860 - network_metrics - INFO - Retrieved 28 historical data points for timeframe: 24h
2025-03-11 21:24:34,860 - werkzeug - INFO - 127.0.0.1 - - [11/Mar/2025 21:24:34] "GET /api/historical/24h HTTP/1.1" 200 -
2025-03-11 21:24:34,893 - werkzeug - INFO - 127.0.0.1 - - [11/Mar/2025 21:24:34] "GET /favicon.ico HTTP/1.1" 200 -
2025-03-11 21:24:36,641 - network_api - INFO - API request received: /api/metrics
2025-03-11 21:24:36,641 - network_metrics - INFO - Starting metrics collection for protocol: tcp
2025-03-11 21:24:38,561 - network_metrics - WARNING - Traceroute timed out
2025-03-11 21:24:39,525 - network_metrics - INFO - Packets: Sent=10, Received=10, Loss=0.00%
2025-03-11 21:24:39,525 - network_metrics - INFO - Using simulated bandwidth utilization data
2025-03-11 21:24:39,767 - network_metrics - INFO - Test result saved for protocol: tcp
2025-03-11 21:24:39,767 - network_metrics - INFO - Metrics collection completed successfully
2025-03-11 21:24:39,906 - network_api - INFO - Metrics stored in database successfully
2025-03-11 21:24:39,922 - network_metrics - INFO - Metrics saved to CSV file: network_metrics.csv
2025-03-11 21:24:39,922 - network_api - INFO - Background metrics collection completed
2025-03-11 21:25:03,974 - network_metrics - INFO - Bandwidth: Download=3.30 Mbps, Upload=3.90 Mbps
2025-03-11 21:25:04,040 - network_metrics - INFO - Latency: 50.13 ms
2025-03-11 21:25:04,290 - network_metrics - INFO - Jitter: 27.91 ms
2025-03-11 21:25:04,290 - network_metrics - INFO - DNS Lookup Time: 0.00 ms
2025-03-11 21:25:34,321 - network_metrics - WARNING - Traceroute timed out
2025-03-11 21:25:35,433 - network_metrics - INFO - Packets: Sent=10, Received=10, Loss=0.00%
2025-03-11 21:25:35,433 - network_metrics - INFO - Using simulated bandwidth utilization data
2025-03-11 21:25:35,660 - network_metrics - INFO - Test result saved for protocol: tcp
2025-03-11 21:25:35,660 - network_metrics - INFO - Metrics collection completed successfully
2025-03-11 21:25:35,861 - network_metrics - INFO - Network metrics collected successfully
2025-03-11 21:25:35,861 - network_metrics - INFO - Metrics saved to CSV file: network_metrics.csv
2025-03-11 21:25:35,987 - network_api - INFO - Metrics stored in database successfully
2025-03-11 21:25:35,987 - werkzeug - INFO - 127.0.0.1 - - [11/Mar/2025 21:25:35] "GET /api/metrics HTTP/1.1" 200 -
2025-03-11 21:25:36,028 - network_api - INFO - API request received: /api/protocol_test/tcp
2025-03-11 21:25:36,038 - network_metrics - INFO - Testing protocol performance: tcp
2025-03-11 21:25:36,038 - network_metrics - INFO - Starting metrics collection for protocol: tcp
2025-03-11 21:26:01,276 - network_metrics - INFO - Bandwidth: Download=3.84 Mbps, Upload=3.31 Mbps
2025-03-11 21:26:01,511 - network_metrics - INFO - Latency: 234.32 ms
2025-03-11 21:26:02,979 - network_metrics - INFO - Jitter: 202.98 ms
2025-03-11 21:26:02,979 - network_metrics - INFO - DNS Lookup Time: 0.00 ms
2025-03-11 21:26:33,017 - network_metrics - WARNING - Traceroute timed out
2025-03-11 21:26:34,952 - network_metrics - INFO - Packets: Sent=10, Received=9, Loss=10.00%
2025-03-11 21:26:34,952 - network_metrics - INFO - Using simulated bandwidth utilization data
2025-03-11 21:26:35,077 - network_metrics - INFO - Test result saved for protocol: tcp
2025-03-11 21:26:35,077 - network_metrics - INFO - Metrics collection completed successfully
2025-03-11 21:26:35,093 - werkzeug - INFO - 127.0.0.1 - - [11/Mar/2025 21:26:35] "GET /api/protocol_test/tcp HTTP/1.1" 200 -
2025-03-11 21:26:46,870 - network_api - INFO - API request received: /api/metrics
2025-03-11 21:26:46,870 - network_metrics - INFO - Starting metrics collection for protocol: tcp
2025-03-11 21:27:12,182 - network_metrics - INFO - Bandwidth: Download=4.54 Mbps, Upload=4.07 Mbps
2025-03-11 21:27:12,635 - network_metrics - INFO - Latency: 451.14 ms
2025-03-11 21:27:13,817 - network_metrics - INFO - Jitter: 11.63 ms
2025-03-11 21:27:14,030 - network_metrics - INFO - DNS Lookup Time: 197.35 ms
2025-03-11 21:27:44,045 - network_metrics - WARNING - Traceroute timed out
2025-03-11 21:27:45,886 - network_metrics - INFO - Packets: Sent=10, Received=9, Loss=10.00%
2025-03-11 21:27:45,886 - network_metrics - INFO - Using simulated bandwidth utilization data
2025-03-11 21:27:46,079 - network_metrics - INFO - Test result saved for protocol: tcp
2025-03-11 21:27:46,079 - network_metrics - INFO - Metrics collection completed successfully
2025-03-11 21:27:46,349 - network_metrics - INFO - Network metrics collected successfully
2025-03-11 21:27:46,349 - network_metrics - INFO - Metrics saved to CSV file: network_metrics.csv
2025-03-11 21:27:46,441 - network_api - INFO - Metrics stored in database successfully
2025-03-11 21:27:46,441 - network_metrics - INFO - Sending alert to your_email@gmail.com: High packet loss or latency detected!
2025-03-11 21:27:46,733 - network_metrics - INFO - ALERT WOULD BE SENT TO your_email@gmail.com: High packet loss or latency detected!
2025-03-11 21:27:46,733 - werkzeug - INFO - 127.0.0.1 - - [11/Mar/2025 21:27:46] "GET /api/metrics HTTP/1.1" 200 -
2025-03-11 21:27:46,745 - network_api - INFO - API request received: /api/protocol_test/udp
2025-03-11 21:27:46,745 - network_metrics - INFO - Testing protocol performance: udp
2025-03-11 21:27:46,745 - network_metrics - INFO - Starting metrics collection for protocol: udp
2025-03-11 21:28:11,558 - network_metrics - INFO - Bandwidth: Download=5.49 Mbps, Upload=3.46 Mbps
2025-03-11 21:28:11,713 - network_metrics - INFO - Latency: 150.73 ms
2025-03-11 21:28:11,997 - network_metrics - INFO - Jitter: 28.85 ms
2025-03-11 21:28:12,005 - network_metrics - INFO - DNS Lookup Time: 8.00 ms
2025-03-11 21:28:42,014 - network_metrics - WARNING - Traceroute timed out
2025-03-11 21:28:43,034 - network_metrics - INFO - Packets: Sent=10, Received=10, Loss=0.00%
2025-03-11 21:28:43,034 - network_metrics - INFO - Using simulated bandwidth utilization data
2025-03-11 21:28:43,219 - network_metrics - INFO - Test result saved for protocol: udp
2025-03-11 21:28:43,238 - network_metrics - INFO - Metrics collection completed successfully
2025-03-11 21:28:43,249 - werkzeug - INFO - 127.0.0.1 - - [11/Mar/2025 21:28:43] "GET /api/protocol_test/udp HTTP/1.1" 200 -
2025-03-11 21:29:37,387 - network_api - INFO - API request received: /api/historical/7d
2025-03-11 21:29:37,387 - network_metrics - INFO - Retrieved 33 historical data points for timeframe: 7d
2025-03-11 21:29:37,403 - werkzeug - INFO - 127.0.0.1 - - [11/Mar/2025 21:29:37] "GET /api/historical/7d HTTP/1.1" 200 -
2025-03-11 21:29:39,936 - network_metrics - INFO - Starting metrics collection for protocol: tcp
2025-03-11 21:29:40,791 - network_metrics - ERROR - Bandwidth test failed: HTTP Error 403: Forbidden
2025-03-11 21:29:40,887 - network_metrics - INFO - Latency: 95.38 ms
2025-03-11 21:29:41,400 - network_metrics - INFO - Jitter: 40.32 ms
2025-03-11 21:29:41,400 - network_metrics - INFO - DNS Lookup Time: 0.00 ms
2025-03-11 21:29:47,086 - network_api - INFO - API request received: /api/historical/30d
2025-03-11 21:29:47,086 - network_metrics - INFO - Retrieved 38 historical data points for timeframe: 30d
2025-03-11 21:29:47,101 - werkzeug - INFO - 127.0.0.1 - - [11/Mar/2025 21:29:47] "GET /api/historical/30d HTTP/1.1" 200 -
2025-03-11 21:29:58,002 - network_api - INFO - API request received: /api/historical/7d
2025-03-11 21:29:58,002 - network_metrics - INFO - Retrieved 33 historical data points for timeframe: 7d
2025-03-11 21:29:58,017 - werkzeug - INFO - 127.0.0.1 - - [11/Mar/2025 21:29:58] "GET /api/historical/7d HTTP/1.1" 200 -
2025-03-11 21:30:06,017 - network_api - INFO - API request received: /api/historical/24h
2025-03-11 21:30:06,042 - network_metrics - INFO - Retrieved 33 historical data points for timeframe: 24h
2025-03-11 21:30:06,043 - werkzeug - INFO - 127.0.0.1 - - [11/Mar/2025 21:30:06] "GET /api/historical/24h HTTP/1.1" 200 -
2025-03-11 21:30:11,418 - network_metrics - WARNING - Traceroute timed out
2025-03-11 21:30:12,170 - network_metrics - INFO - Packets: Sent=10, Received=10, Loss=0.00%
2025-03-11 21:30:12,170 - network_metrics - INFO - Using simulated bandwidth utilization data
2025-03-11 21:30:12,279 - network_metrics - INFO - Test result saved for protocol: tcp
2025-03-11 21:30:12,279 - network_metrics - INFO - Metrics collection completed successfully
2025-03-11 21:30:12,388 - network_api - INFO - Metrics stored in database successfully
2025-03-11 21:30:12,388 - network_metrics - INFO - Metrics saved to CSV file: network_metrics.csv
2025-03-11 21:30:12,403 - network_api - INFO - Background metrics collection completed
2025-03-11 21:32:31,140 - network_api - INFO - API request received: /api/historical/30d
2025-03-11 21:32:31,140 - network_metrics - INFO - Retrieved 39 historical data points for timeframe: 30d
2025-03-11 21:32:31,155 - werkzeug - INFO - 127.0.0.1 - - [11/Mar/2025 21:32:31] "GET /api/historical/30d HTTP/1.1" 200 -
2025-03-11 21:33:14,766 - network_api - INFO - API request received: /api/metrics
2025-03-11 21:33:14,766 - network_metrics - INFO - Starting metrics collection for protocol: tcp
2025-03-11 21:33:15,307 - network_metrics - ERROR - Bandwidth test failed: HTTP Error 403: Forbidden
2025-03-11 21:33:15,507 - network_metrics - INFO - Latency: 187.22 ms
2025-03-11 21:33:16,122 - network_metrics - INFO - Jitter: 105.00 ms
2025-03-11 21:33:16,225 - network_metrics - INFO - DNS Lookup Time: 103.53 ms
2025-03-11 21:33:46,268 - network_metrics - WARNING - Traceroute timed out
2025-03-11 21:33:47,585 - network_metrics - INFO - Packets: Sent=10, Received=10, Loss=0.00%
2025-03-11 21:33:47,585 - network_metrics - INFO - Using simulated bandwidth utilization data
2025-03-11 21:33:47,705 - network_metrics - INFO - Test result saved for protocol: tcp
2025-03-11 21:33:47,705 - network_metrics - INFO - Metrics collection completed successfully
2025-03-11 21:33:48,051 - network_metrics - INFO - Network metrics collected successfully
2025-03-11 21:33:48,051 - network_metrics - INFO - Metrics saved to CSV file: network_metrics.csv
2025-03-11 21:33:48,136 - network_api - INFO - Metrics stored in database successfully
2025-03-11 21:33:48,136 - network_metrics - INFO - Sending alert to your_email@gmail.com: High packet loss or latency detected!
2025-03-11 21:33:48,136 - network_metrics - INFO - ALERT WOULD BE SENT TO your_email@gmail.com: High packet loss or latency detected!
2025-03-11 21:33:48,136 - werkzeug - INFO - 127.0.0.1 - - [11/Mar/2025 21:33:48] "GET /api/metrics HTTP/1.1" 200 -
2025-03-11 21:33:48,469 - network_api - INFO - API request received: /api/protocol_test/udp
2025-03-11 21:33:48,469 - network_metrics - INFO - Testing protocol performance: udp
2025-03-11 21:33:48,469 - network_metrics - INFO - Starting metrics collection for protocol: udp
2025-03-11 21:33:48,796 - network_metrics - ERROR - Bandwidth test failed: HTTP Error 403: Forbidden
2025-03-11 21:33:48,874 - network_metrics - INFO - Latency: 78.32 ms
2025-03-11 21:33:50,526 - network_metrics - INFO - Jitter: 235.05 ms
2025-03-11 21:33:50,526 - network_metrics - INFO - DNS Lookup Time: 0.00 ms
2025-03-11 21:34:20,566 - network_metrics - WARNING - Traceroute timed out
2025-03-11 21:34:21,917 - network_metrics - INFO - Packets: Sent=10, Received=10, Loss=0.00%
2025-03-11 21:34:21,917 - network_metrics - INFO - Using simulated bandwidth utilization data
2025-03-11 21:34:22,008 - network_metrics - INFO - Test result saved for protocol: udp
2025-03-11 21:34:22,008 - network_metrics - INFO - Metrics collection completed successfully
2025-03-11 21:34:22,012 - werkzeug - INFO - 127.0.0.1 - - [11/Mar/2025 21:34:22] "GET /api/protocol_test/udp HTTP/1.1" 200 -
2025-03-11 21:35:12,405 - network_metrics - INFO - Starting metrics collection for protocol: tcp
2025-03-11 21:35:53,792 - network_metrics - INFO - Bandwidth: Download=2.06 Mbps, Upload=0.28 Mbps
2025-03-11 21:35:54,796 - network_metrics - WARNING - Ping to 8.8.8.8 timed out
2025-03-11 21:35:59,842 - network_metrics - WARNING - No successful pings for jitter measurement
2025-03-11 21:36:11,032 - network_metrics - ERROR - DNS lookup failed: [Errno 11001] getaddrinfo failed
2025-03-11 21:36:41,071 - network_metrics - WARNING - Traceroute timed out
2025-03-11 21:36:41,746 - network_metrics - INFO - Packets: Sent=10, Received=10, Loss=0.00%
2025-03-11 21:36:41,746 - network_metrics - INFO - Using simulated bandwidth utilization data
2025-03-11 21:36:41,855 - network_metrics - INFO - Test result saved for protocol: tcp
2025-03-11 21:36:41,870 - network_metrics - INFO - Metrics collection completed successfully
2025-03-11 21:36:41,955 - network_api - INFO - Metrics stored in database successfully
2025-03-11 21:36:41,955 - network_metrics - INFO - Metrics saved to CSV file: network_metrics.csv
2025-03-11 21:36:41,955 - network_api - INFO - Background metrics collection completed
2025-03-11 21:38:10,925 - werkzeug - INFO - 127.0.0.1 - - [11/Mar/2025 21:38:10] "OPTIONS /api/historical/24h HTTP/1.1" 200 -
2025-03-11 21:38:11,169 - network_api - INFO - API request received: /api/historical/24h
2025-03-11 21:38:11,183 - network_metrics - INFO - Retrieved 37 historical data points for timeframe: 24h
2025-03-11 21:38:11,183 - werkzeug - INFO - 127.0.0.1 - - [11/Mar/2025 21:38:11] "GET /api/historical/24h HTTP/1.1" 200 -
2025-03-11 22:28:52,338 - network_metrics - INFO - Database initialized successfully
2025-03-11 22:28:52,338 - network_metrics - INFO - Starting metrics collection for protocol: tcp
2025-03-11 22:28:52,338 - network_api - INFO - Starting Network Metrics API server
2025-03-11 22:28:53,707 - werkzeug - INFO - [31m[1mWARNING: This is a development server. Do not use it in a production deployment. Use a production WSGI server instead.[0m
 * Running on all addresses (0.0.0.0)
 * Running on http://127.0.0.1:5000
 * Running on http://192.168.208.253:5000
2025-03-11 22:28:53,707 - werkzeug - INFO - [33mPress CTRL+C to quit[0m
2025-03-28 22:55:48,638 - network_metrics - INFO - Database initialized successfully
2025-03-28 22:55:48,638 - network_metrics - INFO - Starting metrics collection for protocol: tcp
2025-03-28 22:55:48,638 - network_api - INFO - Starting Network Metrics API server
2025-03-28 22:55:49,060 - werkzeug - INFO - [31m[1mWARNING: This is a development server. Do not use it in a production deployment. Use a production WSGI server instead.[0m
 * Running on all addresses (0.0.0.0)
 * Running on http://127.0.0.1:5000
 * Running on http://172.20.162.20:5000
2025-03-28 22:55:49,060 - werkzeug - INFO - [33mPress CTRL+C to quit[0m
2025-03-28 22:56:12,146 - network_metrics - INFO - Bandwidth: Download=11.34 Mbps, Upload=120.21 Mbps
2025-03-28 22:56:12,324 - network_metrics - INFO - Latency: 6.96 ms
2025-03-28 22:56:13,355 - network_metrics - INFO - Jitter: 5.98 ms
2025-03-28 22:56:13,370 - network_metrics - INFO - DNS Lookup Time: 15.47 ms
2025-03-28 22:56:33,549 - werkzeug - INFO - 127.0.0.1 - - [28/Mar/2025 22:56:33] "GET / HTTP/1.1" 200 -
2025-03-28 22:56:33,609 - werkzeug - INFO - 127.0.0.1 - - [28/Mar/2025 22:56:33] "GET /style.css HTTP/1.1" 200 -
2025-03-28 22:56:33,905 - werkzeug - INFO - 127.0.0.1 - - [28/Mar/2025 22:56:33] "GET /script.js HTTP/1.1" 200 -
2025-03-28 22:56:34,411 - network_api - INFO - API request received: /api/historical/24h
2025-03-28 22:56:34,510 - werkzeug - INFO - 127.0.0.1 - - [28/Mar/2025 22:56:34] "GET /favicon.ico HTTP/1.1" 200 -
2025-03-28 22:56:34,693 - network_metrics - INFO - Retrieved 0 historical data points for timeframe: 24h
2025-03-28 22:56:34,693 - werkzeug - INFO - 127.0.0.1 - - [28/Mar/2025 22:56:34] "GET /api/historical/24h HTTP/1.1" 200 -
2025-03-28 22:56:38,152 - network_api - INFO - API request received: /api/metrics
2025-03-28 22:56:38,152 - network_metrics - INFO - Starting metrics collection for protocol: tcp
2025-03-28 22:56:44,679 - network_metrics - WARNING - Traceroute timed out
2025-03-28 22:56:44,833 - network_metrics - INFO - Packets: Sent=10, Received=10, Loss=0.00%
2025-03-28 22:56:44,833 - network_metrics - INFO - Using simulated bandwidth utilization data
2025-03-28 22:56:45,157 - network_metrics - INFO - Test result saved for protocol: tcp
2025-03-28 22:56:45,157 - network_metrics - INFO - Metrics collection completed successfully
2025-03-28 22:56:45,372 - network_api - INFO - Metrics stored in database successfully
2025-03-28 22:56:45,390 - network_metrics - INFO - Metrics saved to CSV file: network_metrics.csv
2025-03-28 22:56:45,391 - network_api - INFO - Background metrics collection completed
2025-03-28 22:56:49,247 - network_api - INFO - API request received: /api/historical/7d
2025-03-28 22:56:49,309 - network_metrics - INFO - Retrieved 1 historical data points for timeframe: 7d
2025-03-28 22:56:49,310 - werkzeug - INFO - 127.0.0.1 - - [28/Mar/2025 22:56:49] "GET /api/historical/7d HTTP/1.1" 200 -
2025-03-28 22:56:55,023 - network_api - INFO - API request received: /api/historical/30d
2025-03-28 22:56:55,033 - network_metrics - INFO - Retrieved 43 historical data points for timeframe: 30d
2025-03-28 22:56:55,034 - werkzeug - INFO - 127.0.0.1 - - [28/Mar/2025 22:56:55] "GET /api/historical/30d HTTP/1.1" 200 -
2025-03-28 22:57:00,492 - network_metrics - INFO - Bandwidth: Download=10.56 Mbps, Upload=120.89 Mbps
2025-03-28 22:57:00,508 - network_metrics - INFO - Latency: 15.63 ms
2025-03-28 22:57:00,539 - network_metrics - INFO - Jitter: 15.63 ms
2025-03-28 22:57:00,539 - network_metrics - INFO - DNS Lookup Time: 0.00 ms
2025-03-28 22:57:30,538 - network_metrics - WARNING - Traceroute timed out
2025-03-28 22:57:30,588 - network_metrics - INFO - Packets: Sent=10, Received=10, Loss=0.00%
2025-03-28 22:57:30,588 - network_metrics - INFO - Using simulated bandwidth utilization data
2025-03-28 22:57:30,820 - network_metrics - INFO - Test result saved for protocol: tcp
2025-03-28 22:57:30,820 - network_metrics - INFO - Metrics collection completed successfully
2025-03-28 22:57:30,888 - network_metrics - INFO - Network metrics collected successfully
2025-03-28 22:57:30,888 - network_metrics - INFO - Metrics saved to CSV file: network_metrics.csv
2025-03-28 22:57:31,072 - network_api - INFO - Metrics stored in database successfully
2025-03-28 22:57:31,072 - werkzeug - INFO - 127.0.0.1 - - [28/Mar/2025 22:57:31] "GET /api/metrics HTTP/1.1" 200 -
2025-03-28 22:57:31,390 - network_api - INFO - API request received: /api/protocol_test/tcp
2025-03-28 22:57:31,390 - network_metrics - INFO - Testing protocol performance: tcp
2025-03-28 22:57:31,390 - network_metrics - INFO - Starting metrics collection for protocol: tcp
2025-03-28 22:57:52,660 - network_metrics - INFO - Bandwidth: Download=11.69 Mbps, Upload=104.08 Mbps
2025-03-28 22:57:52,660 - network_metrics - INFO - Latency: 0.00 ms
2025-03-28 22:57:52,692 - network_metrics - INFO - Jitter: 15.70 ms
2025-03-28 22:57:52,692 - network_metrics - INFO - DNS Lookup Time: 0.00 ms
2025-03-28 22:58:22,721 - network_metrics - WARNING - Traceroute timed out
2025-03-28 22:58:22,814 - network_metrics - INFO - Packets: Sent=10, Received=10, Loss=0.00%
2025-03-28 22:58:22,814 - network_metrics - INFO - Using simulated bandwidth utilization data
2025-03-28 22:58:23,189 - network_metrics - INFO - Test result saved for protocol: tcp
2025-03-28 22:58:23,189 - network_metrics - INFO - Metrics collection completed successfully
2025-03-28 22:58:23,189 - werkzeug - INFO - 127.0.0.1 - - [28/Mar/2025 22:58:23] "GET /api/protocol_test/tcp HTTP/1.1" 200 -
2025-03-28 22:58:33,677 - network_api - INFO - API request received: /api/metrics
2025-03-28 22:58:33,677 - network_metrics - INFO - Starting metrics collection for protocol: tcp
2025-03-28 22:58:55,904 - network_metrics - INFO - Bandwidth: Download=10.79 Mbps, Upload=120.01 Mbps
2025-03-28 22:58:55,904 - network_metrics - INFO - Latency: 0.00 ms
2025-03-28 22:58:55,935 - network_metrics - INFO - Jitter: 15.58 ms
2025-03-28 22:58:55,935 - network_metrics - INFO - DNS Lookup Time: 0.00 ms
2025-03-28 22:59:25,971 - network_metrics - WARNING - Traceroute timed out
2025-03-28 22:59:26,035 - network_metrics - INFO - Packets: Sent=10, Received=10, Loss=0.00%
2025-03-28 22:59:26,035 - network_metrics - INFO - Using simulated bandwidth utilization data
2025-03-28 22:59:26,211 - network_metrics - INFO - Test result saved for protocol: tcp
2025-03-28 22:59:26,211 - network_metrics - INFO - Metrics collection completed successfully
2025-03-28 22:59:26,296 - network_metrics - INFO - Network metrics collected successfully
2025-03-28 22:59:26,312 - network_metrics - INFO - Metrics saved to CSV file: network_metrics.csv
2025-03-28 22:59:26,427 - network_api - INFO - Metrics stored in database successfully
2025-03-28 22:59:26,427 - werkzeug - INFO - 127.0.0.1 - - [28/Mar/2025 22:59:26] "GET /api/metrics HTTP/1.1" 200 -
2025-03-28 22:59:26,427 - network_api - INFO - API request received: /api/protocol_test/udp
2025-03-28 22:59:26,427 - network_metrics - INFO - Testing protocol performance: udp
2025-03-28 22:59:26,427 - network_metrics - INFO - Starting metrics collection for protocol: udp
2025-03-28 22:59:26,447 - network_metrics - ERROR - Bandwidth test failed: HTTP Error 403: Forbidden
2025-03-28 22:59:26,447 - network_metrics - INFO - Latency: 0.00 ms
2025-03-28 22:59:26,480 - network_metrics - INFO - Jitter: 16.40 ms
2025-03-28 22:59:26,480 - network_metrics - INFO - DNS Lookup Time: 0.00 ms
2025-03-28 22:59:54,113 - network_api - INFO - API request received: /api/historical/7d
2025-03-28 22:59:54,113 - network_metrics - INFO - Retrieved 4 historical data points for timeframe: 7d
2025-03-28 22:59:54,113 - werkzeug - INFO - 127.0.0.1 - - [28/Mar/2025 22:59:54] "GET /api/historical/7d HTTP/1.1" 200 -
2025-03-28 22:59:56,510 - network_metrics - WARNING - Traceroute timed out
2025-03-28 22:59:56,589 - network_metrics - INFO - Packets: Sent=10, Received=10, Loss=0.00%
2025-03-28 22:59:56,589 - network_metrics - INFO - Using simulated bandwidth utilization data
2025-03-28 22:59:56,735 - network_metrics - INFO - Test result saved for protocol: udp
2025-03-28 22:59:56,736 - network_metrics - INFO - Metrics collection completed successfully
2025-03-28 22:59:56,741 - werkzeug - INFO - 127.0.0.1 - - [28/Mar/2025 22:59:56] "GET /api/protocol_test/udp HTTP/1.1" 200 -
2025-05-17 14:18:20,254 - network_metrics - INFO - Database initialized successfully
2025-05-17 14:18:20,270 - network_metrics - INFO - Starting metrics collection for protocol: tcp
2025-05-17 14:18:20,270 - network_api - INFO - Starting Network Metrics API server
2025-05-17 14:18:21,588 - werkzeug - INFO - [31m[1mWARNING: This is a development server. Do not use it in a production deployment. Use a production WSGI server instead.[0m
 * Running on all addresses (0.0.0.0)
 * Running on http://127.0.0.1:5000
 * Running on http://192.168.29.253:5000
2025-05-17 14:18:21,588 - werkzeug - INFO - [33mPress CTRL+C to quit[0m
2025-05-17 14:18:55,339 - network_metrics - INFO - Bandwidth: Download=41.93 Mbps, Upload=4.51 Mbps
2025-05-17 14:18:55,900 - network_metrics - INFO - Latency: 561.17 ms
2025-05-17 14:18:56,353 - network_metrics - INFO - Jitter: 267.26 ms
2025-05-17 14:18:56,356 - network_metrics - INFO - DNS Lookup Time: 3.90 ms
2025-05-17 14:19:26,468 - network_metrics - WARNING - Traceroute timed out
2025-05-17 14:19:27,499 - network_metrics - INFO - Packets: Sent=10, Received=10, Loss=0.00%
2025-05-17 14:19:27,499 - network_metrics - INFO - Using simulated bandwidth utilization data
2025-05-17 14:19:28,061 - network_metrics - INFO - Test result saved for protocol: tcp
2025-05-17 14:19:28,061 - network_metrics - INFO - Metrics collection completed successfully
2025-05-17 14:19:28,280 - network_api - INFO - Metrics stored in database successfully
2025-05-17 14:19:28,327 - network_metrics - INFO - Metrics saved to CSV file: network_metrics.csv
2025-05-17 14:19:28,327 - network_api - INFO - Background metrics collection completed
2025-05-17 14:23:41,210 - werkzeug - INFO - 127.0.0.1 - - [17/May/2025 14:23:41] "GET / HTTP/1.1" 200 -
2025-05-17 14:23:41,361 - werkzeug - INFO - 127.0.0.1 - - [17/May/2025 14:23:41] "GET /script.js HTTP/1.1" 200 -
2025-05-17 14:23:41,378 - werkzeug - INFO - 127.0.0.1 - - [17/May/2025 14:23:41] "GET /style.css HTTP/1.1" 200 -
2025-05-17 14:23:42,260 - network_api - INFO - API request received: /api/historical/24h
2025-05-17 14:23:42,307 - werkzeug - INFO - 127.0.0.1 - - [17/May/2025 14:23:42] "GET /favicon.ico HTTP/1.1" 200 -
2025-05-17 14:23:42,588 - network_metrics - INFO - Retrieved 1 historical data points for timeframe: 24h
2025-05-17 14:23:42,588 - werkzeug - INFO - 127.0.0.1 - - [17/May/2025 14:23:42] "GET /api/historical/24h HTTP/1.1" 200 -
2025-05-17 14:24:11,093 - network_api - INFO - API request received: /api/metrics
2025-05-17 14:24:11,093 - network_metrics - INFO - Starting metrics collection for protocol: tcp
2025-05-17 14:24:28,344 - network_metrics - INFO - Starting metrics collection for protocol: tcp
2025-05-17 14:24:37,261 - network_metrics - INFO - Bandwidth: Download=50.56 Mbps, Upload=10.77 Mbps
2025-05-17 14:24:37,374 - network_metrics - INFO - Latency: 98.92 ms
2025-05-17 14:24:37,542 - network_metrics - INFO - Jitter: 4.08 ms
2025-05-17 14:24:37,574 - network_metrics - INFO - DNS Lookup Time: 31.60 ms
2025-05-17 14:25:06,680 - network_metrics - INFO - Bandwidth: Download=49.17 Mbps, Upload=11.60 Mbps
2025-05-17 14:25:06,772 - network_metrics - INFO - Latency: 92.04 ms
2025-05-17 14:25:06,940 - network_metrics - INFO - Jitter: 4.89 ms
2025-05-17 14:25:06,940 - network_metrics - INFO - DNS Lookup Time: 0.00 ms
2025-05-17 14:25:07,586 - network_metrics - WARNING - Traceroute timed out
2025-05-17 14:25:07,940 - network_metrics - INFO - Packets: Sent=10, Received=10, Loss=0.00%
2025-05-17 14:25:07,940 - network_metrics - INFO - Using simulated bandwidth utilization data
2025-05-17 14:25:08,055 - network_metrics - INFO - Test result saved for protocol: tcp
2025-05-17 14:25:08,055 - network_metrics - INFO - Metrics collection completed successfully
2025-05-17 14:25:08,187 - network_metrics - INFO - Network metrics collected successfully
2025-05-17 14:25:08,187 - network_metrics - INFO - Metrics saved to CSV file: network_metrics.csv
2025-05-17 14:25:08,286 - network_api - INFO - Metrics stored in database successfully
2025-05-17 14:25:08,302 - werkzeug - INFO - 127.0.0.1 - - [17/May/2025 14:25:08] "GET /api/metrics HTTP/1.1" 200 -
2025-05-17 14:25:08,622 - network_api - INFO - API request received: /api/protocol_test/tcp
2025-05-17 14:25:08,622 - network_metrics - INFO - Testing protocol performance: tcp
2025-05-17 14:25:08,622 - network_metrics - INFO - Starting metrics collection for protocol: tcp
2025-05-17 14:25:24,962 - network_api - INFO - API request received: /api/historical/30d
2025-05-17 14:25:24,971 - network_metrics - INFO - Retrieved 2 historical data points for timeframe: 30d
2025-05-17 14:25:24,972 - werkzeug - INFO - 127.0.0.1 - - [17/May/2025 14:25:24] "GET /api/historical/30d HTTP/1.1" 200 -
2025-05-17 14:25:30,960 - network_metrics - INFO - Bandwidth: Download=51.07 Mbps, Upload=11.79 Mbps
2025-05-17 14:25:31,053 - network_metrics - INFO - Latency: 92.45 ms
2025-05-17 14:25:31,221 - network_metrics - INFO - Jitter: 31.30 ms
2025-05-17 14:25:31,221 - network_metrics - INFO - DNS Lookup Time: 0.00 ms
2025-05-17 14:25:36,953 - network_metrics - WARNING - Traceroute timed out
2025-05-17 14:25:37,947 - network_metrics - INFO - Packets: Sent=10, Received=10, Loss=0.00%
2025-05-17 14:25:37,947 - network_metrics - INFO - Using simulated bandwidth utilization data
2025-05-17 14:25:38,228 - network_api - INFO - API request received: /api/historical/24h
2025-05-17 14:25:38,408 - network_metrics - INFO - Test result saved for protocol: tcp
2025-05-17 14:25:38,408 - network_metrics - INFO - Metrics collection completed successfully
2025-05-17 14:25:38,502 - network_api - INFO - Metrics stored in database successfully
2025-05-17 14:25:38,502 - network_metrics - INFO - Metrics saved to CSV file: network_metrics.csv
2025-05-17 14:25:38,502 - network_api - INFO - Background metrics collection completed
2025-05-17 14:25:38,518 - network_metrics - INFO - Retrieved 3 historical data points for timeframe: 24h
2025-05-17 14:25:38,520 - werkzeug - INFO - 127.0.0.1 - - [17/May/2025 14:25:38] "GET /api/historical/24h HTTP/1.1" 200 -
2025-05-17 14:25:40,054 - network_api - INFO - API request received: /api/historical/7d
2025-05-17 14:25:40,054 - network_metrics - INFO - Retrieved 3 historical data points for timeframe: 7d
2025-05-17 14:25:40,054 - werkzeug - INFO - 127.0.0.1 - - [17/May/2025 14:25:40] "GET /api/historical/7d HTTP/1.1" 200 -
2025-05-17 14:25:42,669 - network_api - INFO - API request received: /api/historical/24h
2025-05-17 14:25:42,669 - network_metrics - INFO - Retrieved 3 historical data points for timeframe: 24h
2025-05-17 14:25:42,669 - werkzeug - INFO - 127.0.0.1 - - [17/May/2025 14:25:42] "GET /api/historical/24h HTTP/1.1" 200 -
2025-05-17 14:26:01,261 - network_metrics - WARNING - Traceroute timed out
2025-05-17 14:26:02,323 - network_metrics - INFO - Packets: Sent=10, Received=10, Loss=0.00%
2025-05-17 14:26:02,323 - network_metrics - INFO - Using simulated bandwidth utilization data
2025-05-17 14:26:02,464 - network_metrics - INFO - Test result saved for protocol: tcp
2025-05-17 14:26:02,464 - network_metrics - INFO - Metrics collection completed successfully
2025-05-17 14:26:02,464 - werkzeug - INFO - 127.0.0.1 - - [17/May/2025 14:26:02] "GET /api/protocol_test/tcp HTTP/1.1" 200 -
2025-05-18 12:59:47,614 - network_metrics - INFO - Database initialized successfully
2025-05-18 12:59:47,640 - network_metrics - INFO - Starting metrics collection for protocol: tcp
2025-05-18 12:59:47,640 - network_api - INFO - Starting Network Metrics API server
2025-05-18 12:59:48,732 - werkzeug - INFO - [31m[1mWARNING: This is a development server. Do not use it in a production deployment. Use a production WSGI server instead.[0m
 * Running on all addresses (0.0.0.0)
 * Running on http://127.0.0.1:5000
 * Running on http://192.168.90.253:5000
2025-05-18 12:59:48,732 - werkzeug - INFO - [33mPress CTRL+C to quit[0m
2025-05-18 13:00:14,424 - network_metrics - INFO - Bandwidth: Download=50.03 Mbps, Upload=23.58 Mbps
2025-05-18 13:00:14,482 - network_metrics - INFO - Latency: 38.53 ms
2025-05-18 13:00:14,632 - network_metrics - INFO - Jitter: 8.59 ms
2025-05-18 13:00:14,659 - network_metrics - INFO - DNS Lookup Time: 26.73 ms
2025-05-18 13:00:14,823 - werkzeug - INFO - 127.0.0.1 - - [18/May/2025 13:00:14] "GET / HTTP/1.1" 200 -
2025-05-18 13:00:14,975 - werkzeug - INFO - 127.0.0.1 - - [18/May/2025 13:00:14] "GET /style.css HTTP/1.1" 200 -
2025-05-18 13:00:14,999 - werkzeug - INFO - 127.0.0.1 - - [18/May/2025 13:00:14] "GET /script.js HTTP/1.1" 200 -
2025-05-18 13:00:15,723 - network_api - INFO - API request received: /api/historical/24h
2025-05-18 13:00:15,736 - werkzeug - INFO - 127.0.0.1 - - [18/May/2025 13:00:15] "GET /favicon.ico HTTP/1.1" 200 -
2025-05-18 13:00:15,785 - network_metrics - INFO - Retrieved 4 historical data points for timeframe: 24h
2025-05-18 13:00:15,788 - werkzeug - INFO - 127.0.0.1 - - [18/May/2025 13:00:15] "GET /api/historical/24h HTTP/1.1" 200 -
2025-05-18 13:00:44,690 - network_metrics - WARNING - Traceroute timed out
2025-05-18 13:00:54,813 - network_metrics - INFO - Packets: Sent=10, Received=0, Loss=100.00%
2025-05-18 13:00:54,815 - network_metrics - INFO - Using simulated bandwidth utilization data
2025-05-18 13:00:55,083 - network_metrics - INFO - Test result saved for protocol: tcp
2025-05-18 13:00:55,084 - network_metrics - INFO - Metrics collection completed successfully
2025-05-18 13:00:55,236 - network_api - INFO - Metrics stored in database successfully
2025-05-18 13:00:55,279 - network_metrics - INFO - Metrics saved to CSV file: network_metrics.csv
2025-05-18 13:00:55,280 - network_api - INFO - Background metrics collection completed
2025-05-18 13:01:14,079 - network_api - INFO - API request received: /api/metrics
2025-05-18 13:01:14,079 - network_metrics - INFO - Starting metrics collection for protocol: tcp
2025-05-18 13:01:40,345 - network_metrics - INFO - Bandwidth: Download=10.86 Mbps, Upload=13.55 Mbps
2025-05-18 13:01:40,463 - network_metrics - INFO - Latency: 116.23 ms
2025-05-18 13:01:40,651 - network_metrics - INFO - Jitter: 36.92 ms
2025-05-18 13:01:40,661 - network_metrics - INFO - DNS Lookup Time: 9.16 ms
2025-05-18 13:02:10,693 - network_metrics - WARNING - Traceroute timed out
2025-05-18 13:02:11,761 - network_metrics - INFO - Packets: Sent=10, Received=10, Loss=0.00%
2025-05-18 13:02:11,762 - network_metrics - INFO - Using simulated bandwidth utilization data
2025-05-18 13:02:11,892 - network_metrics - INFO - Test result saved for protocol: tcp
2025-05-18 13:02:11,892 - network_metrics - INFO - Metrics collection completed successfully
2025-05-18 13:02:11,914 - network_metrics - INFO - Network metrics collected successfully
2025-05-18 13:02:11,926 - network_metrics - INFO - Metrics saved to CSV file: network_metrics.csv
2025-05-18 13:02:12,008 - network_api - INFO - Metrics stored in database successfully
2025-05-18 13:02:12,009 - network_metrics - INFO - Sending alert to your_email@gmail.com: High packet loss or latency detected!
2025-05-18 13:02:12,326 - network_metrics - INFO - ALERT WOULD BE SENT TO your_email@gmail.com: High packet loss or latency detected!
2025-05-18 13:02:12,327 - werkzeug - INFO - 127.0.0.1 - - [18/May/2025 13:02:12] "GET /api/metrics HTTP/1.1" 200 -
2025-05-18 13:02:12,344 - network_api - INFO - API request received: /api/protocol_test/tcp
2025-05-18 13:02:12,344 - network_metrics - INFO - Testing protocol performance: tcp
2025-05-18 13:02:12,344 - network_metrics - INFO - Starting metrics collection for protocol: tcp
2025-05-18 13:02:37,956 - network_metrics - INFO - Bandwidth: Download=3.11 Mbps, Upload=19.28 Mbps
2025-05-18 13:02:37,986 - network_metrics - INFO - Latency: 29.21 ms
2025-05-18 13:02:38,141 - network_metrics - INFO - Jitter: 21.23 ms
2025-05-18 13:02:38,159 - network_metrics - INFO - DNS Lookup Time: 18.08 ms
2025-05-18 13:03:08,183 - network_metrics - WARNING - Traceroute timed out
2025-05-18 13:03:09,302 - network_metrics - INFO - Packets: Sent=10, Received=10, Loss=0.00%
2025-05-18 13:03:09,303 - network_metrics - INFO - Using simulated bandwidth utilization data
2025-05-18 13:03:09,440 - network_metrics - INFO - Test result saved for protocol: tcp
2025-05-18 13:03:09,440 - network_metrics - INFO - Metrics collection completed successfully
2025-05-18 13:03:09,442 - werkzeug - INFO - 127.0.0.1 - - [18/May/2025 13:03:09] "GET /api/protocol_test/tcp HTTP/1.1" 200 -
2025-05-18 13:03:23,920 - network_api - INFO - API request received: /api/historical/7d
2025-05-18 13:03:23,925 - network_metrics - INFO - Retrieved 7 historical data points for timeframe: 7d
2025-05-18 13:03:23,927 - werkzeug - INFO - 127.0.0.1 - - [18/May/2025 13:03:23] "GET /api/historical/7d HTTP/1.1" 200 -
2025-05-18 13:03:30,384 - network_api - INFO - API request received: /api/historical/30d
2025-05-18 13:03:30,386 - network_metrics - INFO - Retrieved 7 historical data points for timeframe: 30d
2025-05-18 13:03:30,387 - werkzeug - INFO - 127.0.0.1 - - [18/May/2025 13:03:30] "GET /api/historical/30d HTTP/1.1" 200 -
2025-05-18 13:03:51,869 - network_api - INFO - API request received: /api/metrics
2025-05-18 13:03:51,869 - network_metrics - INFO - Starting metrics collection for protocol: tcp
2025-05-18 13:04:16,720 - network_metrics - INFO - Bandwidth: Download=17.97 Mbps, Upload=9.87 Mbps
2025-05-18 13:04:16,750 - network_metrics - INFO - Latency: 27.25 ms
2025-05-18 13:04:16,905 - network_metrics - INFO - Jitter: 3.88 ms
2025-05-18 13:04:16,936 - network_metrics - INFO - DNS Lookup Time: 30.44 ms
2025-05-18 13:04:46,975 - network_metrics - WARNING - Traceroute timed out
2025-05-18 13:04:48,018 - network_metrics - INFO - Packets: Sent=10, Received=10, Loss=0.00%
2025-05-18 13:04:48,018 - network_metrics - INFO - Using simulated bandwidth utilization data
2025-05-18 13:04:48,137 - network_metrics - INFO - Test result saved for protocol: tcp
2025-05-18 13:04:48,138 - network_metrics - INFO - Metrics collection completed successfully
2025-05-18 13:04:48,159 - network_metrics - INFO - Network metrics collected successfully
2025-05-18 13:04:48,176 - network_metrics - INFO - Metrics saved to CSV file: network_metrics.csv
2025-05-18 13:04:48,331 - network_api - INFO - Metrics stored in database successfully
2025-05-18 13:04:48,334 - werkzeug - INFO - 127.0.0.1 - - [18/May/2025 13:04:48] "GET /api/metrics HTTP/1.1" 200 -
2025-05-18 13:04:48,376 - network_api - INFO - API request received: /api/protocol_test/udp
2025-05-18 13:04:48,378 - network_metrics - INFO - Testing protocol performance: udp
2025-05-18 13:04:48,379 - network_metrics - INFO - Starting metrics collection for protocol: udp
2025-05-18 13:05:14,065 - network_metrics - INFO - Bandwidth: Download=4.70 Mbps, Upload=20.18 Mbps
2025-05-18 13:05:14,095 - network_metrics - INFO - Latency: 28.66 ms
2025-05-18 13:05:14,244 - network_metrics - INFO - Jitter: 10.65 ms
2025-05-18 13:05:14,270 - network_metrics - INFO - DNS Lookup Time: 26.15 ms
2025-05-18 13:05:44,290 - network_metrics - WARNING - Traceroute timed out
2025-05-18 13:05:45,666 - network_metrics - INFO - Packets: Sent=10, Received=10, Loss=0.00%
2025-05-18 13:05:45,667 - network_metrics - INFO - Using simulated bandwidth utilization data
2025-05-18 13:05:45,749 - network_metrics - INFO - Test result saved for protocol: udp
2025-05-18 13:05:45,749 - network_metrics - INFO - Metrics collection completed successfully
2025-05-18 13:05:45,751 - werkzeug - INFO - 127.0.0.1 - - [18/May/2025 13:05:45] "GET /api/protocol_test/udp HTTP/1.1" 200 -
2025-05-18 13:05:55,281 - network_metrics - INFO - Starting metrics collection for protocol: tcp
2025-05-18 13:06:20,715 - network_metrics - INFO - Bandwidth: Download=6.55 Mbps, Upload=27.03 Mbps
2025-05-18 13:06:20,750 - network_metrics - INFO - Latency: 33.00 ms
2025-05-18 13:06:20,910 - network_metrics - INFO - Jitter: 6.84 ms
2025-05-18 13:06:20,911 - network_metrics - INFO - DNS Lookup Time: 0.85 ms
2025-05-18 13:06:47,072 - network_api - INFO - API request received: /api/historical/7d
2025-05-18 13:06:47,078 - network_metrics - INFO - Retrieved 9 historical data points for timeframe: 7d
2025-05-18 13:06:47,080 - werkzeug - INFO - 127.0.0.1 - - [18/May/2025 13:06:47] "GET /api/historical/7d HTTP/1.1" 200 -
2025-05-18 13:06:49,484 - network_api - INFO - API request received: /api/historical/24h
2025-05-18 13:06:49,491 - network_metrics - INFO - Retrieved 9 historical data points for timeframe: 24h
2025-05-18 13:06:49,494 - werkzeug - INFO - 127.0.0.1 - - [18/May/2025 13:06:49] "GET /api/historical/24h HTTP/1.1" 200 -
2025-05-18 13:06:50,974 - network_metrics - WARNING - Traceroute timed out
2025-05-18 13:06:51,544 - network_metrics - INFO - Packets: Sent=10, Received=10, Loss=0.00%
2025-05-18 13:06:51,544 - network_metrics - INFO - Using simulated bandwidth utilization data
2025-05-18 13:06:51,644 - network_metrics - INFO - Test result saved for protocol: tcp
2025-05-18 13:06:51,645 - network_metrics - INFO - Metrics collection completed successfully
2025-05-18 13:06:51,715 - network_api - INFO - Metrics stored in database successfully
2025-05-18 13:06:51,718 - network_metrics - INFO - Metrics saved to CSV file: network_metrics.csv
2025-05-18 13:06:51,718 - network_api - INFO - Background metrics collection completed
